Determining if the pthread_create exist failed with the following output:
Change Dir: /home/rolandas/Desktop/CountingSort/build/CMakeFiles/CMakeTmp

Run Build Command:"/usr/bin/make" "cmTC_a58b2/fast"
/usr/bin/make -f CMakeFiles/cmTC_a58b2.dir/build.make CMakeFiles/cmTC_a58b2.dir/build
make[1]: Entering directory '/home/rolandas/Desktop/CountingSort/build/CMakeFiles/CMakeTmp'
Building C object CMakeFiles/cmTC_a58b2.dir/CheckSymbolExists.c.o
/usr/bin/cc    -o CMakeFiles/cmTC_a58b2.dir/CheckSymbolExists.c.o   -c /home/rolandas/Desktop/CountingSort/build/CMakeFiles/CMakeTmp/CheckSymbolExists.c
Linking C executable cmTC_a58b2
/usr/bin/cmake -E cmake_link_script CMakeFiles/cmTC_a58b2.dir/link.txt --verbose=1
/usr/bin/cc      -rdynamic CMakeFiles/cmTC_a58b2.dir/CheckSymbolExists.c.o  -o cmTC_a58b2 
CMakeFiles/cmTC_a58b2.dir/CheckSymbolExists.c.o: In function `main':
CheckSymbolExists.c:(.text+0x1b): undefined reference to `pthread_create'
collect2: error: ld returned 1 exit status
CMakeFiles/cmTC_a58b2.dir/build.make:97: recipe for target 'cmTC_a58b2' failed
make[1]: *** [cmTC_a58b2] Error 1
make[1]: Leaving directory '/home/rolandas/Desktop/CountingSort/build/CMakeFiles/CMakeTmp'
Makefile:126: recipe for target 'cmTC_a58b2/fast' failed
make: *** [cmTC_a58b2/fast] Error 2

File /home/rolandas/Desktop/CountingSort/build/CMakeFiles/CMakeTmp/CheckSymbolExists.c:
/* */
#include <pthread.h>

int main(int argc, char** argv)
{
  (void)argv;
#ifndef pthread_create
  return ((int*)(&pthread_create))[argc];
#else
  (void)argc;
  return 0;
#endif
}

Determining if the function pthread_create exists in the pthreads failed with the following output:
Change Dir: /home/rolandas/Desktop/CountingSort/build/CMakeFiles/CMakeTmp

Run Build Command:"/usr/bin/make" "cmTC_e51d6/fast"
/usr/bin/make -f CMakeFiles/cmTC_e51d6.dir/build.make CMakeFiles/cmTC_e51d6.dir/build
make[1]: Entering directory '/home/rolandas/Desktop/CountingSort/build/CMakeFiles/CMakeTmp'
Building C object CMakeFiles/cmTC_e51d6.dir/CheckFunctionExists.c.o
/usr/bin/cc   -DCHECK_FUNCTION_EXISTS=pthread_create   -o CMakeFiles/cmTC_e51d6.dir/CheckFunctionExists.c.o   -c /usr/share/cmake-3.10/Modules/CheckFunctionExists.c
Linking C executable cmTC_e51d6
/usr/bin/cmake -E cmake_link_script CMakeFiles/cmTC_e51d6.dir/link.txt --verbose=1
/usr/bin/cc  -DCHECK_FUNCTION_EXISTS=pthread_create    -rdynamic CMakeFiles/cmTC_e51d6.dir/CheckFunctionExists.c.o  -o cmTC_e51d6 -lpthreads 
/usr/bin/ld: cannot find -lpthreads
collect2: error: ld returned 1 exit status
CMakeFiles/cmTC_e51d6.dir/build.make:97: recipe for target 'cmTC_e51d6' failed
make[1]: *** [cmTC_e51d6] Error 1
make[1]: Leaving directory '/home/rolandas/Desktop/CountingSort/build/CMakeFiles/CMakeTmp'
Makefile:126: recipe for target 'cmTC_e51d6/fast' failed
make: *** [cmTC_e51d6/fast] Error 2


Determining if the pthread_create exist failed with the following output:
Change Dir: /home/rolandas/CountingSort/build/CMakeFiles/CMakeTmp

Run Build Command:"/usr/bin/gmake" "cmTC_84ad8/fast"
/usr/bin/gmake -f CMakeFiles/cmTC_84ad8.dir/build.make CMakeFiles/cmTC_84ad8.dir/build
gmake[1]: Entering directory `/home/rolandas/CountingSort/build/CMakeFiles/CMakeTmp'
Building C object CMakeFiles/cmTC_84ad8.dir/CheckSymbolExists.c.o
/share/apps/compilers/gcc-7.3.0/bin/gcc   -I/share/apps/compilers/gcc-7.3.0/include    -o CMakeFiles/cmTC_84ad8.dir/CheckSymbolExists.c.o   -c /home/rolandas/CountingSort/build/CMakeFiles/CMakeTmp/CheckSymbolExists.c
Linking C executable cmTC_84ad8
/share/apps/compilers/cmake-3.10.3/bin/cmake -E cmake_link_script CMakeFiles/cmTC_84ad8.dir/link.txt --verbose=1
/share/apps/compilers/gcc-7.3.0/bin/gcc -I/share/apps/compilers/gcc-7.3.0/include   -L/share/apps/compilers/gcc-7.3.0/lib64  -rdynamic CMakeFiles/cmTC_84ad8.dir/CheckSymbolExists.c.o  -o cmTC_84ad8 
CMakeFiles/cmTC_84ad8.dir/CheckSymbolExists.c.o: In function `main':
CheckSymbolExists.c:(.text+0x16): undefined reference to `pthread_create'
collect2: error: ld returned 1 exit status
gmake[1]: *** [cmTC_84ad8] Error 1
gmake[1]: Leaving directory `/home/rolandas/CountingSort/build/CMakeFiles/CMakeTmp'
gmake: *** [cmTC_84ad8/fast] Error 2

File /home/rolandas/CountingSort/build/CMakeFiles/CMakeTmp/CheckSymbolExists.c:
/* */
#include <pthread.h>

int main(int argc, char** argv)
{
  (void)argv;
#ifndef pthread_create
  return ((int*)(&pthread_create))[argc];
#else
  (void)argc;
  return 0;
#endif
}

Determining if the function pthread_create exists in the pthreads failed with the following output:
Change Dir: /home/rolandas/CountingSort/build/CMakeFiles/CMakeTmp

Run Build Command:"/usr/bin/gmake" "cmTC_9e513/fast"
/usr/bin/gmake -f CMakeFiles/cmTC_9e513.dir/build.make CMakeFiles/cmTC_9e513.dir/build
gmake[1]: Entering directory `/home/rolandas/CountingSort/build/CMakeFiles/CMakeTmp'
Building C object CMakeFiles/cmTC_9e513.dir/CheckFunctionExists.c.o
/share/apps/compilers/gcc-7.3.0/bin/gcc   -I/share/apps/compilers/gcc-7.3.0/include -DCHECK_FUNCTION_EXISTS=pthread_create   -o CMakeFiles/cmTC_9e513.dir/CheckFunctionExists.c.o   -c /share/apps/compilers/cmake-3.10.3/share/cmake-3.10/Modules/CheckFunctionExists.c
Linking C executable cmTC_9e513
/share/apps/compilers/cmake-3.10.3/bin/cmake -E cmake_link_script CMakeFiles/cmTC_9e513.dir/link.txt --verbose=1
/share/apps/compilers/gcc-7.3.0/bin/gcc -I/share/apps/compilers/gcc-7.3.0/include -DCHECK_FUNCTION_EXISTS=pthread_create  -L/share/apps/compilers/gcc-7.3.0/lib64  -rdynamic CMakeFiles/cmTC_9e513.dir/CheckFunctionExists.c.o  -o cmTC_9e513 -lpthreads 
/usr/bin/ld: cannot find -lpthreads
collect2: error: ld returned 1 exit status
gmake[1]: *** [cmTC_9e513] Error 1
gmake[1]: Leaving directory `/home/rolandas/CountingSort/build/CMakeFiles/CMakeTmp'
gmake: *** [cmTC_9e513/fast] Error 2


Determining if the CL_VERSION_2_2 exist failed with the following output:
Change Dir: /home/rolandas/CountingSort/build/CMakeFiles/CMakeTmp

Run Build Command:"/usr/bin/gmake" "cmTC_68c83/fast"
/usr/bin/gmake -f CMakeFiles/cmTC_68c83.dir/build.make CMakeFiles/cmTC_68c83.dir/build
gmake[1]: Entering directory `/home/rolandas/CountingSort/build/CMakeFiles/CMakeTmp'
Building C object CMakeFiles/cmTC_68c83.dir/CheckSymbolExists.c.o
/share/apps/compilers/gcc-7.3.0/bin/gcc   -I/share/apps/compilers/gcc-7.3.0/include     -o CMakeFiles/cmTC_68c83.dir/CheckSymbolExists.c.o   -c /home/rolandas/CountingSort/build/CMakeFiles/CMakeTmp/CheckSymbolExists.c
/home/rolandas/CountingSort/build/CMakeFiles/CMakeTmp/CheckSymbolExists.c:2:10: fatal error: OpenCL_INCLUDE_DIR-NOTFOUND/CL/cl.h: No such file or directory
 #include <OpenCL_INCLUDE_DIR-NOTFOUND/CL/cl.h>
          ^~~~~~~~~~~~~~~~~~~~~~~~~~~~~~~~~~~~~
compilation terminated.
gmake[1]: *** [CMakeFiles/cmTC_68c83.dir/CheckSymbolExists.c.o] Error 1
gmake[1]: Leaving directory `/home/rolandas/CountingSort/build/CMakeFiles/CMakeTmp'
gmake: *** [cmTC_68c83/fast] Error 2

File /home/rolandas/CountingSort/build/CMakeFiles/CMakeTmp/CheckSymbolExists.c:
/* */
#include <OpenCL_INCLUDE_DIR-NOTFOUND/CL/cl.h>

int main(int argc, char** argv)
{
  (void)argv;
#ifndef CL_VERSION_2_2
  return ((int*)(&CL_VERSION_2_2))[argc];
#else
  (void)argc;
  return 0;
#endif
}

Determining if the CL_VERSION_2_1 exist failed with the following output:
Change Dir: /home/rolandas/CountingSort/build/CMakeFiles/CMakeTmp

Run Build Command:"/usr/bin/gmake" "cmTC_8d752/fast"
/usr/bin/gmake -f CMakeFiles/cmTC_8d752.dir/build.make CMakeFiles/cmTC_8d752.dir/build
gmake[1]: Entering directory `/home/rolandas/CountingSort/build/CMakeFiles/CMakeTmp'
Building C object CMakeFiles/cmTC_8d752.dir/CheckSymbolExists.c.o
/share/apps/compilers/gcc-7.3.0/bin/gcc   -I/share/apps/compilers/gcc-7.3.0/include     -o CMakeFiles/cmTC_8d752.dir/CheckSymbolExists.c.o   -c /home/rolandas/CountingSort/build/CMakeFiles/CMakeTmp/CheckSymbolExists.c
/home/rolandas/CountingSort/build/CMakeFiles/CMakeTmp/CheckSymbolExists.c:2:10: fatal error: OpenCL_INCLUDE_DIR-NOTFOUND/CL/cl.h: No such file or directory
 #include <OpenCL_INCLUDE_DIR-NOTFOUND/CL/cl.h>
          ^~~~~~~~~~~~~~~~~~~~~~~~~~~~~~~~~~~~~
compilation terminated.
gmake[1]: *** [CMakeFiles/cmTC_8d752.dir/CheckSymbolExists.c.o] Error 1
gmake[1]: Leaving directory `/home/rolandas/CountingSort/build/CMakeFiles/CMakeTmp'
gmake: *** [cmTC_8d752/fast] Error 2

File /home/rolandas/CountingSort/build/CMakeFiles/CMakeTmp/CheckSymbolExists.c:
/* */
#include <OpenCL_INCLUDE_DIR-NOTFOUND/CL/cl.h>

int main(int argc, char** argv)
{
  (void)argv;
#ifndef CL_VERSION_2_1
  return ((int*)(&CL_VERSION_2_1))[argc];
#else
  (void)argc;
  return 0;
#endif
}

Determining if the CL_VERSION_2_0 exist failed with the following output:
Change Dir: /home/rolandas/CountingSort/build/CMakeFiles/CMakeTmp

Run Build Command:"/usr/bin/gmake" "cmTC_40136/fast"
/usr/bin/gmake -f CMakeFiles/cmTC_40136.dir/build.make CMakeFiles/cmTC_40136.dir/build
gmake[1]: Entering directory `/home/rolandas/CountingSort/build/CMakeFiles/CMakeTmp'
Building C object CMakeFiles/cmTC_40136.dir/CheckSymbolExists.c.o
/share/apps/compilers/gcc-7.3.0/bin/gcc   -I/share/apps/compilers/gcc-7.3.0/include     -o CMakeFiles/cmTC_40136.dir/CheckSymbolExists.c.o   -c /home/rolandas/CountingSort/build/CMakeFiles/CMakeTmp/CheckSymbolExists.c
/home/rolandas/CountingSort/build/CMakeFiles/CMakeTmp/CheckSymbolExists.c:2:10: fatal error: OpenCL_INCLUDE_DIR-NOTFOUND/CL/cl.h: No such file or directory
 #include <OpenCL_INCLUDE_DIR-NOTFOUND/CL/cl.h>
          ^~~~~~~~~~~~~~~~~~~~~~~~~~~~~~~~~~~~~
compilation terminated.
gmake[1]: *** [CMakeFiles/cmTC_40136.dir/CheckSymbolExists.c.o] Error 1
gmake[1]: Leaving directory `/home/rolandas/CountingSort/build/CMakeFiles/CMakeTmp'
gmake: *** [cmTC_40136/fast] Error 2

File /home/rolandas/CountingSort/build/CMakeFiles/CMakeTmp/CheckSymbolExists.c:
/* */
#include <OpenCL_INCLUDE_DIR-NOTFOUND/CL/cl.h>

int main(int argc, char** argv)
{
  (void)argv;
#ifndef CL_VERSION_2_0
  return ((int*)(&CL_VERSION_2_0))[argc];
#else
  (void)argc;
  return 0;
#endif
}

Determining if the CL_VERSION_1_2 exist failed with the following output:
Change Dir: /home/rolandas/CountingSort/build/CMakeFiles/CMakeTmp

Run Build Command:"/usr/bin/gmake" "cmTC_d2acb/fast"
/usr/bin/gmake -f CMakeFiles/cmTC_d2acb.dir/build.make CMakeFiles/cmTC_d2acb.dir/build
gmake[1]: Entering directory `/home/rolandas/CountingSort/build/CMakeFiles/CMakeTmp'
Building C object CMakeFiles/cmTC_d2acb.dir/CheckSymbolExists.c.o
/share/apps/compilers/gcc-7.3.0/bin/gcc   -I/share/apps/compilers/gcc-7.3.0/include     -o CMakeFiles/cmTC_d2acb.dir/CheckSymbolExists.c.o   -c /home/rolandas/CountingSort/build/CMakeFiles/CMakeTmp/CheckSymbolExists.c
/home/rolandas/CountingSort/build/CMakeFiles/CMakeTmp/CheckSymbolExists.c:2:10: fatal error: OpenCL_INCLUDE_DIR-NOTFOUND/CL/cl.h: No such file or directory
 #include <OpenCL_INCLUDE_DIR-NOTFOUND/CL/cl.h>
          ^~~~~~~~~~~~~~~~~~~~~~~~~~~~~~~~~~~~~
compilation terminated.
gmake[1]: *** [CMakeFiles/cmTC_d2acb.dir/CheckSymbolExists.c.o] Error 1
gmake[1]: Leaving directory `/home/rolandas/CountingSort/build/CMakeFiles/CMakeTmp'
gmake: *** [cmTC_d2acb/fast] Error 2

File /home/rolandas/CountingSort/build/CMakeFiles/CMakeTmp/CheckSymbolExists.c:
/* */
#include <OpenCL_INCLUDE_DIR-NOTFOUND/CL/cl.h>

int main(int argc, char** argv)
{
  (void)argv;
#ifndef CL_VERSION_1_2
  return ((int*)(&CL_VERSION_1_2))[argc];
#else
  (void)argc;
  return 0;
#endif
}

Determining if the CL_VERSION_1_1 exist failed with the following output:
Change Dir: /home/rolandas/CountingSort/build/CMakeFiles/CMakeTmp

Run Build Command:"/usr/bin/gmake" "cmTC_c006f/fast"
/usr/bin/gmake -f CMakeFiles/cmTC_c006f.dir/build.make CMakeFiles/cmTC_c006f.dir/build
gmake[1]: Entering directory `/home/rolandas/CountingSort/build/CMakeFiles/CMakeTmp'
Building C object CMakeFiles/cmTC_c006f.dir/CheckSymbolExists.c.o
/share/apps/compilers/gcc-7.3.0/bin/gcc   -I/share/apps/compilers/gcc-7.3.0/include     -o CMakeFiles/cmTC_c006f.dir/CheckSymbolExists.c.o   -c /home/rolandas/CountingSort/build/CMakeFiles/CMakeTmp/CheckSymbolExists.c
/home/rolandas/CountingSort/build/CMakeFiles/CMakeTmp/CheckSymbolExists.c:2:10: fatal error: OpenCL_INCLUDE_DIR-NOTFOUND/CL/cl.h: No such file or directory
 #include <OpenCL_INCLUDE_DIR-NOTFOUND/CL/cl.h>
          ^~~~~~~~~~~~~~~~~~~~~~~~~~~~~~~~~~~~~
compilation terminated.
gmake[1]: *** [CMakeFiles/cmTC_c006f.dir/CheckSymbolExists.c.o] Error 1
gmake[1]: Leaving directory `/home/rolandas/CountingSort/build/CMakeFiles/CMakeTmp'
gmake: *** [cmTC_c006f/fast] Error 2

File /home/rolandas/CountingSort/build/CMakeFiles/CMakeTmp/CheckSymbolExists.c:
/* */
#include <OpenCL_INCLUDE_DIR-NOTFOUND/CL/cl.h>

int main(int argc, char** argv)
{
  (void)argv;
#ifndef CL_VERSION_1_1
  return ((int*)(&CL_VERSION_1_1))[argc];
#else
  (void)argc;
  return 0;
#endif
}

Determining if the CL_VERSION_1_0 exist failed with the following output:
Change Dir: /home/rolandas/CountingSort/build/CMakeFiles/CMakeTmp

Run Build Command:"/usr/bin/gmake" "cmTC_58d43/fast"
/usr/bin/gmake -f CMakeFiles/cmTC_58d43.dir/build.make CMakeFiles/cmTC_58d43.dir/build
gmake[1]: Entering directory `/home/rolandas/CountingSort/build/CMakeFiles/CMakeTmp'
Building C object CMakeFiles/cmTC_58d43.dir/CheckSymbolExists.c.o
/share/apps/compilers/gcc-7.3.0/bin/gcc   -I/share/apps/compilers/gcc-7.3.0/include     -o CMakeFiles/cmTC_58d43.dir/CheckSymbolExists.c.o   -c /home/rolandas/CountingSort/build/CMakeFiles/CMakeTmp/CheckSymbolExists.c
/home/rolandas/CountingSort/build/CMakeFiles/CMakeTmp/CheckSymbolExists.c:2:10: fatal error: OpenCL_INCLUDE_DIR-NOTFOUND/CL/cl.h: No such file or directory
 #include <OpenCL_INCLUDE_DIR-NOTFOUND/CL/cl.h>
          ^~~~~~~~~~~~~~~~~~~~~~~~~~~~~~~~~~~~~
compilation terminated.
gmake[1]: *** [CMakeFiles/cmTC_58d43.dir/CheckSymbolExists.c.o] Error 1
gmake[1]: Leaving directory `/home/rolandas/CountingSort/build/CMakeFiles/CMakeTmp'
gmake: *** [cmTC_58d43/fast] Error 2

File /home/rolandas/CountingSort/build/CMakeFiles/CMakeTmp/CheckSymbolExists.c:
/* */
#include <OpenCL_INCLUDE_DIR-NOTFOUND/CL/cl.h>

int main(int argc, char** argv)
{
  (void)argv;
#ifndef CL_VERSION_1_0
  return ((int*)(&CL_VERSION_1_0))[argc];
#else
  (void)argc;
  return 0;
#endif
}

Determining if the pthread_create exist failed with the following output:
Change Dir: /home/rolandas/CountingSort/build/CMakeFiles/CMakeTmp

Run Build Command:"/usr/bin/gmake" "cmTC_7aec8/fast"
/usr/bin/gmake -f CMakeFiles/cmTC_7aec8.dir/build.make CMakeFiles/cmTC_7aec8.dir/build
gmake[1]: Entering directory `/home/rolandas/CountingSort/build/CMakeFiles/CMakeTmp'
Building C object CMakeFiles/cmTC_7aec8.dir/CheckSymbolExists.c.o
/share/apps/compilers/gcc-7.3.0/bin/gcc   -I/share/apps/compilers/gcc-7.3.0/include    -o CMakeFiles/cmTC_7aec8.dir/CheckSymbolExists.c.o   -c /home/rolandas/CountingSort/build/CMakeFiles/CMakeTmp/CheckSymbolExists.c
Linking C executable cmTC_7aec8
/share/apps/compilers/cmake-3.10.3/bin/cmake -E cmake_link_script CMakeFiles/cmTC_7aec8.dir/link.txt --verbose=1
/share/apps/compilers/gcc-7.3.0/bin/gcc -I/share/apps/compilers/gcc-7.3.0/include   -L/share/apps/compilers/gcc-7.3.0/lib64  -rdynamic CMakeFiles/cmTC_7aec8.dir/CheckSymbolExists.c.o  -o cmTC_7aec8 
CMakeFiles/cmTC_7aec8.dir/CheckSymbolExists.c.o: In function `main':
CheckSymbolExists.c:(.text+0x16): undefined reference to `pthread_create'
collect2: error: ld returned 1 exit status
gmake[1]: *** [cmTC_7aec8] Error 1
gmake[1]: Leaving directory `/home/rolandas/CountingSort/build/CMakeFiles/CMakeTmp'
gmake: *** [cmTC_7aec8/fast] Error 2

File /home/rolandas/CountingSort/build/CMakeFiles/CMakeTmp/CheckSymbolExists.c:
/* */
#include <pthread.h>

int main(int argc, char** argv)
{
  (void)argv;
#ifndef pthread_create
  return ((int*)(&pthread_create))[argc];
#else
  (void)argc;
  return 0;
#endif
}

Determining if the function pthread_create exists in the pthreads failed with the following output:
Change Dir: /home/rolandas/CountingSort/build/CMakeFiles/CMakeTmp

Run Build Command:"/usr/bin/gmake" "cmTC_16e1e/fast"
/usr/bin/gmake -f CMakeFiles/cmTC_16e1e.dir/build.make CMakeFiles/cmTC_16e1e.dir/build
gmake[1]: Entering directory `/home/rolandas/CountingSort/build/CMakeFiles/CMakeTmp'
Building C object CMakeFiles/cmTC_16e1e.dir/CheckFunctionExists.c.o
/share/apps/compilers/gcc-7.3.0/bin/gcc   -I/share/apps/compilers/gcc-7.3.0/include -DCHECK_FUNCTION_EXISTS=pthread_create   -o CMakeFiles/cmTC_16e1e.dir/CheckFunctionExists.c.o   -c /share/apps/compilers/cmake-3.10.3/share/cmake-3.10/Modules/CheckFunctionExists.c
Linking C executable cmTC_16e1e
/share/apps/compilers/cmake-3.10.3/bin/cmake -E cmake_link_script CMakeFiles/cmTC_16e1e.dir/link.txt --verbose=1
/share/apps/compilers/gcc-7.3.0/bin/gcc -I/share/apps/compilers/gcc-7.3.0/include -DCHECK_FUNCTION_EXISTS=pthread_create  -L/share/apps/compilers/gcc-7.3.0/lib64  -rdynamic CMakeFiles/cmTC_16e1e.dir/CheckFunctionExists.c.o  -o cmTC_16e1e -lpthreads 
/usr/bin/ld: cannot find -lpthreads
collect2: error: ld returned 1 exit status
gmake[1]: *** [cmTC_16e1e] Error 1
gmake[1]: Leaving directory `/home/rolandas/CountingSort/build/CMakeFiles/CMakeTmp'
gmake: *** [cmTC_16e1e/fast] Error 2


Determining if the CL_VERSION_2_2 exist failed with the following output:
Change Dir: /home/rolandas/CountingSort/build/CMakeFiles/CMakeTmp

Run Build Command:"/usr/bin/gmake" "cmTC_7770b/fast"
/usr/bin/gmake -f CMakeFiles/cmTC_7770b.dir/build.make CMakeFiles/cmTC_7770b.dir/build
gmake[1]: Entering directory `/home/rolandas/CountingSort/build/CMakeFiles/CMakeTmp'
Building C object CMakeFiles/cmTC_7770b.dir/CheckSymbolExists.c.o
/share/apps/compilers/gcc-7.3.0/bin/gcc   -I/share/apps/compilers/gcc-7.3.0/include     -o CMakeFiles/cmTC_7770b.dir/CheckSymbolExists.c.o   -c /home/rolandas/CountingSort/build/CMakeFiles/CMakeTmp/CheckSymbolExists.c
/home/rolandas/CountingSort/build/CMakeFiles/CMakeTmp/CheckSymbolExists.c:2:10: fatal error: OpenCL_INCLUDE_DIR-NOTFOUND/CL/cl.h: No such file or directory
 #include <OpenCL_INCLUDE_DIR-NOTFOUND/CL/cl.h>
          ^~~~~~~~~~~~~~~~~~~~~~~~~~~~~~~~~~~~~
compilation terminated.
gmake[1]: *** [CMakeFiles/cmTC_7770b.dir/CheckSymbolExists.c.o] Error 1
gmake[1]: Leaving directory `/home/rolandas/CountingSort/build/CMakeFiles/CMakeTmp'
gmake: *** [cmTC_7770b/fast] Error 2

File /home/rolandas/CountingSort/build/CMakeFiles/CMakeTmp/CheckSymbolExists.c:
/* */
#include <OpenCL_INCLUDE_DIR-NOTFOUND/CL/cl.h>

int main(int argc, char** argv)
{
  (void)argv;
#ifndef CL_VERSION_2_2
  return ((int*)(&CL_VERSION_2_2))[argc];
#else
  (void)argc;
  return 0;
#endif
}

Determining if the CL_VERSION_2_1 exist failed with the following output:
Change Dir: /home/rolandas/CountingSort/build/CMakeFiles/CMakeTmp

Run Build Command:"/usr/bin/gmake" "cmTC_a2b8b/fast"
/usr/bin/gmake -f CMakeFiles/cmTC_a2b8b.dir/build.make CMakeFiles/cmTC_a2b8b.dir/build
gmake[1]: Entering directory `/home/rolandas/CountingSort/build/CMakeFiles/CMakeTmp'
Building C object CMakeFiles/cmTC_a2b8b.dir/CheckSymbolExists.c.o
/share/apps/compilers/gcc-7.3.0/bin/gcc   -I/share/apps/compilers/gcc-7.3.0/include     -o CMakeFiles/cmTC_a2b8b.dir/CheckSymbolExists.c.o   -c /home/rolandas/CountingSort/build/CMakeFiles/CMakeTmp/CheckSymbolExists.c
/home/rolandas/CountingSort/build/CMakeFiles/CMakeTmp/CheckSymbolExists.c:2:10: fatal error: OpenCL_INCLUDE_DIR-NOTFOUND/CL/cl.h: No such file or directory
 #include <OpenCL_INCLUDE_DIR-NOTFOUND/CL/cl.h>
          ^~~~~~~~~~~~~~~~~~~~~~~~~~~~~~~~~~~~~
compilation terminated.
gmake[1]: *** [CMakeFiles/cmTC_a2b8b.dir/CheckSymbolExists.c.o] Error 1
gmake[1]: Leaving directory `/home/rolandas/CountingSort/build/CMakeFiles/CMakeTmp'
gmake: *** [cmTC_a2b8b/fast] Error 2

File /home/rolandas/CountingSort/build/CMakeFiles/CMakeTmp/CheckSymbolExists.c:
/* */
#include <OpenCL_INCLUDE_DIR-NOTFOUND/CL/cl.h>

int main(int argc, char** argv)
{
  (void)argv;
#ifndef CL_VERSION_2_1
  return ((int*)(&CL_VERSION_2_1))[argc];
#else
  (void)argc;
  return 0;
#endif
}

Determining if the CL_VERSION_2_0 exist failed with the following output:
Change Dir: /home/rolandas/CountingSort/build/CMakeFiles/CMakeTmp

Run Build Command:"/usr/bin/gmake" "cmTC_e042c/fast"
/usr/bin/gmake -f CMakeFiles/cmTC_e042c.dir/build.make CMakeFiles/cmTC_e042c.dir/build
gmake[1]: Entering directory `/home/rolandas/CountingSort/build/CMakeFiles/CMakeTmp'
Building C object CMakeFiles/cmTC_e042c.dir/CheckSymbolExists.c.o
/share/apps/compilers/gcc-7.3.0/bin/gcc   -I/share/apps/compilers/gcc-7.3.0/include     -o CMakeFiles/cmTC_e042c.dir/CheckSymbolExists.c.o   -c /home/rolandas/CountingSort/build/CMakeFiles/CMakeTmp/CheckSymbolExists.c
/home/rolandas/CountingSort/build/CMakeFiles/CMakeTmp/CheckSymbolExists.c:2:10: fatal error: OpenCL_INCLUDE_DIR-NOTFOUND/CL/cl.h: No such file or directory
 #include <OpenCL_INCLUDE_DIR-NOTFOUND/CL/cl.h>
          ^~~~~~~~~~~~~~~~~~~~~~~~~~~~~~~~~~~~~
compilation terminated.
gmake[1]: *** [CMakeFiles/cmTC_e042c.dir/CheckSymbolExists.c.o] Error 1
gmake[1]: Leaving directory `/home/rolandas/CountingSort/build/CMakeFiles/CMakeTmp'
gmake: *** [cmTC_e042c/fast] Error 2

File /home/rolandas/CountingSort/build/CMakeFiles/CMakeTmp/CheckSymbolExists.c:
/* */
#include <OpenCL_INCLUDE_DIR-NOTFOUND/CL/cl.h>

int main(int argc, char** argv)
{
  (void)argv;
#ifndef CL_VERSION_2_0
  return ((int*)(&CL_VERSION_2_0))[argc];
#else
  (void)argc;
  return 0;
#endif
}

Determining if the CL_VERSION_1_2 exist failed with the following output:
Change Dir: /home/rolandas/CountingSort/build/CMakeFiles/CMakeTmp

Run Build Command:"/usr/bin/gmake" "cmTC_77369/fast"
/usr/bin/gmake -f CMakeFiles/cmTC_77369.dir/build.make CMakeFiles/cmTC_77369.dir/build
gmake[1]: Entering directory `/home/rolandas/CountingSort/build/CMakeFiles/CMakeTmp'
Building C object CMakeFiles/cmTC_77369.dir/CheckSymbolExists.c.o
/share/apps/compilers/gcc-7.3.0/bin/gcc   -I/share/apps/compilers/gcc-7.3.0/include     -o CMakeFiles/cmTC_77369.dir/CheckSymbolExists.c.o   -c /home/rolandas/CountingSort/build/CMakeFiles/CMakeTmp/CheckSymbolExists.c
/home/rolandas/CountingSort/build/CMakeFiles/CMakeTmp/CheckSymbolExists.c:2:10: fatal error: OpenCL_INCLUDE_DIR-NOTFOUND/CL/cl.h: No such file or directory
 #include <OpenCL_INCLUDE_DIR-NOTFOUND/CL/cl.h>
          ^~~~~~~~~~~~~~~~~~~~~~~~~~~~~~~~~~~~~
compilation terminated.
gmake[1]: *** [CMakeFiles/cmTC_77369.dir/CheckSymbolExists.c.o] Error 1
gmake[1]: Leaving directory `/home/rolandas/CountingSort/build/CMakeFiles/CMakeTmp'
gmake: *** [cmTC_77369/fast] Error 2

File /home/rolandas/CountingSort/build/CMakeFiles/CMakeTmp/CheckSymbolExists.c:
/* */
#include <OpenCL_INCLUDE_DIR-NOTFOUND/CL/cl.h>

int main(int argc, char** argv)
{
  (void)argv;
#ifndef CL_VERSION_1_2
  return ((int*)(&CL_VERSION_1_2))[argc];
#else
  (void)argc;
  return 0;
#endif
}

Determining if the CL_VERSION_1_1 exist failed with the following output:
Change Dir: /home/rolandas/CountingSort/build/CMakeFiles/CMakeTmp

Run Build Command:"/usr/bin/gmake" "cmTC_e75e5/fast"
/usr/bin/gmake -f CMakeFiles/cmTC_e75e5.dir/build.make CMakeFiles/cmTC_e75e5.dir/build
gmake[1]: Entering directory `/home/rolandas/CountingSort/build/CMakeFiles/CMakeTmp'
Building C object CMakeFiles/cmTC_e75e5.dir/CheckSymbolExists.c.o
/share/apps/compilers/gcc-7.3.0/bin/gcc   -I/share/apps/compilers/gcc-7.3.0/include     -o CMakeFiles/cmTC_e75e5.dir/CheckSymbolExists.c.o   -c /home/rolandas/CountingSort/build/CMakeFiles/CMakeTmp/CheckSymbolExists.c
/home/rolandas/CountingSort/build/CMakeFiles/CMakeTmp/CheckSymbolExists.c:2:10: fatal error: OpenCL_INCLUDE_DIR-NOTFOUND/CL/cl.h: No such file or directory
 #include <OpenCL_INCLUDE_DIR-NOTFOUND/CL/cl.h>
          ^~~~~~~~~~~~~~~~~~~~~~~~~~~~~~~~~~~~~
compilation terminated.
gmake[1]: *** [CMakeFiles/cmTC_e75e5.dir/CheckSymbolExists.c.o] Error 1
gmake[1]: Leaving directory `/home/rolandas/CountingSort/build/CMakeFiles/CMakeTmp'
gmake: *** [cmTC_e75e5/fast] Error 2

File /home/rolandas/CountingSort/build/CMakeFiles/CMakeTmp/CheckSymbolExists.c:
/* */
#include <OpenCL_INCLUDE_DIR-NOTFOUND/CL/cl.h>

int main(int argc, char** argv)
{
  (void)argv;
#ifndef CL_VERSION_1_1
  return ((int*)(&CL_VERSION_1_1))[argc];
#else
  (void)argc;
  return 0;
#endif
}

Determining if the CL_VERSION_1_0 exist failed with the following output:
Change Dir: /home/rolandas/CountingSort/build/CMakeFiles/CMakeTmp

Run Build Command:"/usr/bin/gmake" "cmTC_2ed62/fast"
/usr/bin/gmake -f CMakeFiles/cmTC_2ed62.dir/build.make CMakeFiles/cmTC_2ed62.dir/build
gmake[1]: Entering directory `/home/rolandas/CountingSort/build/CMakeFiles/CMakeTmp'
Building C object CMakeFiles/cmTC_2ed62.dir/CheckSymbolExists.c.o
/share/apps/compilers/gcc-7.3.0/bin/gcc   -I/share/apps/compilers/gcc-7.3.0/include     -o CMakeFiles/cmTC_2ed62.dir/CheckSymbolExists.c.o   -c /home/rolandas/CountingSort/build/CMakeFiles/CMakeTmp/CheckSymbolExists.c
/home/rolandas/CountingSort/build/CMakeFiles/CMakeTmp/CheckSymbolExists.c:2:10: fatal error: OpenCL_INCLUDE_DIR-NOTFOUND/CL/cl.h: No such file or directory
 #include <OpenCL_INCLUDE_DIR-NOTFOUND/CL/cl.h>
          ^~~~~~~~~~~~~~~~~~~~~~~~~~~~~~~~~~~~~
compilation terminated.
gmake[1]: *** [CMakeFiles/cmTC_2ed62.dir/CheckSymbolExists.c.o] Error 1
gmake[1]: Leaving directory `/home/rolandas/CountingSort/build/CMakeFiles/CMakeTmp'
gmake: *** [cmTC_2ed62/fast] Error 2

File /home/rolandas/CountingSort/build/CMakeFiles/CMakeTmp/CheckSymbolExists.c:
/* */
#include <OpenCL_INCLUDE_DIR-NOTFOUND/CL/cl.h>

int main(int argc, char** argv)
{
  (void)argv;
#ifndef CL_VERSION_1_0
  return ((int*)(&CL_VERSION_1_0))[argc];
#else
  (void)argc;
  return 0;
#endif
}

