Determining if the CL_VERSION_2_2 exist failed with the following output:
Change Dir: /home/rolandas/ruslan/build/CMakeFiles/CMakeTmp

Run Build Command:"/usr/bin/gmake" "cmTC_0026c/fast"
/usr/bin/gmake -f CMakeFiles/cmTC_0026c.dir/build.make CMakeFiles/cmTC_0026c.dir/build
gmake[1]: Entering directory `/home/rolandas/ruslan/build/CMakeFiles/CMakeTmp'
Building C object CMakeFiles/cmTC_0026c.dir/CheckSymbolExists.c.o
/share/apps/compilers/gcc-7.3.0/bin/gcc   -I/share/apps/compilers/gcc-7.3.0/include    -o CMakeFiles/cmTC_0026c.dir/CheckSymbolExists.c.o   -c /home/rolandas/ruslan/build/CMakeFiles/CMakeTmp/CheckSymbolExists.c
/home/rolandas/ruslan/build/CMakeFiles/CMakeTmp/CheckSymbolExists.c:2:10: fatal error: OpenCL_INCLUDE_DIR-NOTFOUND/CL/cl.h: No such file or directory
 #include <OpenCL_INCLUDE_DIR-NOTFOUND/CL/cl.h>
          ^~~~~~~~~~~~~~~~~~~~~~~~~~~~~~~~~~~~~
compilation terminated.
gmake[1]: *** [CMakeFiles/cmTC_0026c.dir/CheckSymbolExists.c.o] Error 1
gmake[1]: Leaving directory `/home/rolandas/ruslan/build/CMakeFiles/CMakeTmp'
gmake: *** [cmTC_0026c/fast] Error 2

File /home/rolandas/ruslan/build/CMakeFiles/CMakeTmp/CheckSymbolExists.c:
/* */
#include <OpenCL_INCLUDE_DIR-NOTFOUND/CL/cl.h>

int main(int argc, char** argv)
{
  (void)argv;
#ifndef CL_VERSION_2_2
  return ((int*)(&CL_VERSION_2_2))[argc];
#else
  (void)argc;
  return 0;
#endif
}

Determining if the CL_VERSION_2_1 exist failed with the following output:
Change Dir: /home/rolandas/ruslan/build/CMakeFiles/CMakeTmp

Run Build Command:"/usr/bin/gmake" "cmTC_3b023/fast"
/usr/bin/gmake -f CMakeFiles/cmTC_3b023.dir/build.make CMakeFiles/cmTC_3b023.dir/build
gmake[1]: Entering directory `/home/rolandas/ruslan/build/CMakeFiles/CMakeTmp'
Building C object CMakeFiles/cmTC_3b023.dir/CheckSymbolExists.c.o
/share/apps/compilers/gcc-7.3.0/bin/gcc   -I/share/apps/compilers/gcc-7.3.0/include    -o CMakeFiles/cmTC_3b023.dir/CheckSymbolExists.c.o   -c /home/rolandas/ruslan/build/CMakeFiles/CMakeTmp/CheckSymbolExists.c
/home/rolandas/ruslan/build/CMakeFiles/CMakeTmp/CheckSymbolExists.c:2:10: fatal error: OpenCL_INCLUDE_DIR-NOTFOUND/CL/cl.h: No such file or directory
 #include <OpenCL_INCLUDE_DIR-NOTFOUND/CL/cl.h>
          ^~~~~~~~~~~~~~~~~~~~~~~~~~~~~~~~~~~~~
compilation terminated.
gmake[1]: *** [CMakeFiles/cmTC_3b023.dir/CheckSymbolExists.c.o] Error 1
gmake[1]: Leaving directory `/home/rolandas/ruslan/build/CMakeFiles/CMakeTmp'
gmake: *** [cmTC_3b023/fast] Error 2

File /home/rolandas/ruslan/build/CMakeFiles/CMakeTmp/CheckSymbolExists.c:
/* */
#include <OpenCL_INCLUDE_DIR-NOTFOUND/CL/cl.h>

int main(int argc, char** argv)
{
  (void)argv;
#ifndef CL_VERSION_2_1
  return ((int*)(&CL_VERSION_2_1))[argc];
#else
  (void)argc;
  return 0;
#endif
}

Determining if the CL_VERSION_2_0 exist failed with the following output:
Change Dir: /home/rolandas/ruslan/build/CMakeFiles/CMakeTmp

Run Build Command:"/usr/bin/gmake" "cmTC_233ff/fast"
/usr/bin/gmake -f CMakeFiles/cmTC_233ff.dir/build.make CMakeFiles/cmTC_233ff.dir/build
gmake[1]: Entering directory `/home/rolandas/ruslan/build/CMakeFiles/CMakeTmp'
Building C object CMakeFiles/cmTC_233ff.dir/CheckSymbolExists.c.o
/share/apps/compilers/gcc-7.3.0/bin/gcc   -I/share/apps/compilers/gcc-7.3.0/include    -o CMakeFiles/cmTC_233ff.dir/CheckSymbolExists.c.o   -c /home/rolandas/ruslan/build/CMakeFiles/CMakeTmp/CheckSymbolExists.c
/home/rolandas/ruslan/build/CMakeFiles/CMakeTmp/CheckSymbolExists.c:2:10: fatal error: OpenCL_INCLUDE_DIR-NOTFOUND/CL/cl.h: No such file or directory
 #include <OpenCL_INCLUDE_DIR-NOTFOUND/CL/cl.h>
          ^~~~~~~~~~~~~~~~~~~~~~~~~~~~~~~~~~~~~
compilation terminated.
gmake[1]: *** [CMakeFiles/cmTC_233ff.dir/CheckSymbolExists.c.o] Error 1
gmake[1]: Leaving directory `/home/rolandas/ruslan/build/CMakeFiles/CMakeTmp'
gmake: *** [cmTC_233ff/fast] Error 2

File /home/rolandas/ruslan/build/CMakeFiles/CMakeTmp/CheckSymbolExists.c:
/* */
#include <OpenCL_INCLUDE_DIR-NOTFOUND/CL/cl.h>

int main(int argc, char** argv)
{
  (void)argv;
#ifndef CL_VERSION_2_0
  return ((int*)(&CL_VERSION_2_0))[argc];
#else
  (void)argc;
  return 0;
#endif
}

Determining if the CL_VERSION_1_2 exist failed with the following output:
Change Dir: /home/rolandas/ruslan/build/CMakeFiles/CMakeTmp

Run Build Command:"/usr/bin/gmake" "cmTC_54d01/fast"
/usr/bin/gmake -f CMakeFiles/cmTC_54d01.dir/build.make CMakeFiles/cmTC_54d01.dir/build
gmake[1]: Entering directory `/home/rolandas/ruslan/build/CMakeFiles/CMakeTmp'
Building C object CMakeFiles/cmTC_54d01.dir/CheckSymbolExists.c.o
/share/apps/compilers/gcc-7.3.0/bin/gcc   -I/share/apps/compilers/gcc-7.3.0/include    -o CMakeFiles/cmTC_54d01.dir/CheckSymbolExists.c.o   -c /home/rolandas/ruslan/build/CMakeFiles/CMakeTmp/CheckSymbolExists.c
/home/rolandas/ruslan/build/CMakeFiles/CMakeTmp/CheckSymbolExists.c:2:10: fatal error: OpenCL_INCLUDE_DIR-NOTFOUND/CL/cl.h: No such file or directory
 #include <OpenCL_INCLUDE_DIR-NOTFOUND/CL/cl.h>
          ^~~~~~~~~~~~~~~~~~~~~~~~~~~~~~~~~~~~~
compilation terminated.
gmake[1]: *** [CMakeFiles/cmTC_54d01.dir/CheckSymbolExists.c.o] Error 1
gmake[1]: Leaving directory `/home/rolandas/ruslan/build/CMakeFiles/CMakeTmp'
gmake: *** [cmTC_54d01/fast] Error 2

File /home/rolandas/ruslan/build/CMakeFiles/CMakeTmp/CheckSymbolExists.c:
/* */
#include <OpenCL_INCLUDE_DIR-NOTFOUND/CL/cl.h>

int main(int argc, char** argv)
{
  (void)argv;
#ifndef CL_VERSION_1_2
  return ((int*)(&CL_VERSION_1_2))[argc];
#else
  (void)argc;
  return 0;
#endif
}

Determining if the CL_VERSION_1_1 exist failed with the following output:
Change Dir: /home/rolandas/ruslan/build/CMakeFiles/CMakeTmp

Run Build Command:"/usr/bin/gmake" "cmTC_b7235/fast"
/usr/bin/gmake -f CMakeFiles/cmTC_b7235.dir/build.make CMakeFiles/cmTC_b7235.dir/build
gmake[1]: Entering directory `/home/rolandas/ruslan/build/CMakeFiles/CMakeTmp'
Building C object CMakeFiles/cmTC_b7235.dir/CheckSymbolExists.c.o
/share/apps/compilers/gcc-7.3.0/bin/gcc   -I/share/apps/compilers/gcc-7.3.0/include    -o CMakeFiles/cmTC_b7235.dir/CheckSymbolExists.c.o   -c /home/rolandas/ruslan/build/CMakeFiles/CMakeTmp/CheckSymbolExists.c
/home/rolandas/ruslan/build/CMakeFiles/CMakeTmp/CheckSymbolExists.c:2:10: fatal error: OpenCL_INCLUDE_DIR-NOTFOUND/CL/cl.h: No such file or directory
 #include <OpenCL_INCLUDE_DIR-NOTFOUND/CL/cl.h>
          ^~~~~~~~~~~~~~~~~~~~~~~~~~~~~~~~~~~~~
compilation terminated.
gmake[1]: *** [CMakeFiles/cmTC_b7235.dir/CheckSymbolExists.c.o] Error 1
gmake[1]: Leaving directory `/home/rolandas/ruslan/build/CMakeFiles/CMakeTmp'
gmake: *** [cmTC_b7235/fast] Error 2

File /home/rolandas/ruslan/build/CMakeFiles/CMakeTmp/CheckSymbolExists.c:
/* */
#include <OpenCL_INCLUDE_DIR-NOTFOUND/CL/cl.h>

int main(int argc, char** argv)
{
  (void)argv;
#ifndef CL_VERSION_1_1
  return ((int*)(&CL_VERSION_1_1))[argc];
#else
  (void)argc;
  return 0;
#endif
}

Determining if the CL_VERSION_1_0 exist failed with the following output:
Change Dir: /home/rolandas/ruslan/build/CMakeFiles/CMakeTmp

Run Build Command:"/usr/bin/gmake" "cmTC_011c9/fast"
/usr/bin/gmake -f CMakeFiles/cmTC_011c9.dir/build.make CMakeFiles/cmTC_011c9.dir/build
gmake[1]: Entering directory `/home/rolandas/ruslan/build/CMakeFiles/CMakeTmp'
Building C object CMakeFiles/cmTC_011c9.dir/CheckSymbolExists.c.o
/share/apps/compilers/gcc-7.3.0/bin/gcc   -I/share/apps/compilers/gcc-7.3.0/include    -o CMakeFiles/cmTC_011c9.dir/CheckSymbolExists.c.o   -c /home/rolandas/ruslan/build/CMakeFiles/CMakeTmp/CheckSymbolExists.c
/home/rolandas/ruslan/build/CMakeFiles/CMakeTmp/CheckSymbolExists.c:2:10: fatal error: OpenCL_INCLUDE_DIR-NOTFOUND/CL/cl.h: No such file or directory
 #include <OpenCL_INCLUDE_DIR-NOTFOUND/CL/cl.h>
          ^~~~~~~~~~~~~~~~~~~~~~~~~~~~~~~~~~~~~
compilation terminated.
gmake[1]: *** [CMakeFiles/cmTC_011c9.dir/CheckSymbolExists.c.o] Error 1
gmake[1]: Leaving directory `/home/rolandas/ruslan/build/CMakeFiles/CMakeTmp'
gmake: *** [cmTC_011c9/fast] Error 2

File /home/rolandas/ruslan/build/CMakeFiles/CMakeTmp/CheckSymbolExists.c:
/* */
#include <OpenCL_INCLUDE_DIR-NOTFOUND/CL/cl.h>

int main(int argc, char** argv)
{
  (void)argv;
#ifndef CL_VERSION_1_0
  return ((int*)(&CL_VERSION_1_0))[argc];
#else
  (void)argc;
  return 0;
#endif
}

Determining if the pthread_create exist failed with the following output:
Change Dir: /home/rolandas/ruslan/build/CMakeFiles/CMakeTmp

Run Build Command:"/usr/bin/gmake" "cmTC_5e9a3/fast"
/usr/bin/gmake -f CMakeFiles/cmTC_5e9a3.dir/build.make CMakeFiles/cmTC_5e9a3.dir/build
gmake[1]: Entering directory `/home/rolandas/ruslan/build/CMakeFiles/CMakeTmp'
Building C object CMakeFiles/cmTC_5e9a3.dir/CheckSymbolExists.c.o
/share/apps/compilers/gcc-7.3.0/bin/gcc   -I/share/apps/compilers/gcc-7.3.0/include    -o CMakeFiles/cmTC_5e9a3.dir/CheckSymbolExists.c.o   -c /home/rolandas/ruslan/build/CMakeFiles/CMakeTmp/CheckSymbolExists.c
Linking C executable cmTC_5e9a3
/share/apps/compilers/cmake-3.10.3/bin/cmake -E cmake_link_script CMakeFiles/cmTC_5e9a3.dir/link.txt --verbose=1
/share/apps/compilers/gcc-7.3.0/bin/gcc -I/share/apps/compilers/gcc-7.3.0/include   -L/share/apps/compilers/gcc-7.3.0/lib64  -rdynamic CMakeFiles/cmTC_5e9a3.dir/CheckSymbolExists.c.o  -o cmTC_5e9a3 
CMakeFiles/cmTC_5e9a3.dir/CheckSymbolExists.c.o: In function `main':
CheckSymbolExists.c:(.text+0x16): undefined reference to `pthread_create'
collect2: error: ld returned 1 exit status
gmake[1]: *** [cmTC_5e9a3] Error 1
gmake[1]: Leaving directory `/home/rolandas/ruslan/build/CMakeFiles/CMakeTmp'
gmake: *** [cmTC_5e9a3/fast] Error 2

File /home/rolandas/ruslan/build/CMakeFiles/CMakeTmp/CheckSymbolExists.c:
/* */
#include <pthread.h>

int main(int argc, char** argv)
{
  (void)argv;
#ifndef pthread_create
  return ((int*)(&pthread_create))[argc];
#else
  (void)argc;
  return 0;
#endif
}

Determining if the function pthread_create exists in the pthreads failed with the following output:
Change Dir: /home/rolandas/ruslan/build/CMakeFiles/CMakeTmp

Run Build Command:"/usr/bin/gmake" "cmTC_758b5/fast"
/usr/bin/gmake -f CMakeFiles/cmTC_758b5.dir/build.make CMakeFiles/cmTC_758b5.dir/build
gmake[1]: Entering directory `/home/rolandas/ruslan/build/CMakeFiles/CMakeTmp'
Building C object CMakeFiles/cmTC_758b5.dir/CheckFunctionExists.c.o
/share/apps/compilers/gcc-7.3.0/bin/gcc   -I/share/apps/compilers/gcc-7.3.0/include -DCHECK_FUNCTION_EXISTS=pthread_create   -o CMakeFiles/cmTC_758b5.dir/CheckFunctionExists.c.o   -c /share/apps/compilers/cmake-3.10.3/share/cmake-3.10/Modules/CheckFunctionExists.c
Linking C executable cmTC_758b5
/share/apps/compilers/cmake-3.10.3/bin/cmake -E cmake_link_script CMakeFiles/cmTC_758b5.dir/link.txt --verbose=1
/share/apps/compilers/gcc-7.3.0/bin/gcc -I/share/apps/compilers/gcc-7.3.0/include -DCHECK_FUNCTION_EXISTS=pthread_create  -L/share/apps/compilers/gcc-7.3.0/lib64  -rdynamic CMakeFiles/cmTC_758b5.dir/CheckFunctionExists.c.o  -o cmTC_758b5 -lpthreads 
/usr/bin/ld: cannot find -lpthreads
collect2: error: ld returned 1 exit status
gmake[1]: *** [cmTC_758b5] Error 1
gmake[1]: Leaving directory `/home/rolandas/ruslan/build/CMakeFiles/CMakeTmp'
gmake: *** [cmTC_758b5/fast] Error 2


