The system is: Linux - 3.10.0-693.21.1.el7.x86_64 - x86_64
Compiling the C compiler identification source file "CMakeCCompilerId.c" succeeded.
Compiler: /share/apps/compilers/gcc-7.3.0/bin/gcc 
Build flags: -I/share/apps/compilers/gcc-7.3.0/include
Id flags:  

The output was:
0


Compilation of the C compiler identification source "CMakeCCompilerId.c" produced "a.out"

The C compiler identification is GNU, found in "/home/rolandas/Sphere/build/CMakeFiles/3.10.3/CompilerIdC/a.out"

Compiling the CXX compiler identification source file "CMakeCXXCompilerId.cpp" succeeded.
Compiler: /share/apps/compilers/gcc-7.3.0/bin/g++ 
Build flags: 
Id flags:  

The output was:
0


Compilation of the CXX compiler identification source "CMakeCXXCompilerId.cpp" produced "a.out"

The CXX compiler identification is GNU, found in "/home/rolandas/Sphere/build/CMakeFiles/3.10.3/CompilerIdCXX/a.out"

Determining if the C compiler works passed with the following output:
Change Dir: /home/rolandas/Sphere/build/CMakeFiles/CMakeTmp

Run Build Command:"/usr/bin/gmake" "cmTC_d4ada/fast"
/usr/bin/gmake -f CMakeFiles/cmTC_d4ada.dir/build.make CMakeFiles/cmTC_d4ada.dir/build
gmake[1]: Entering directory `/home/rolandas/Sphere/build/CMakeFiles/CMakeTmp'
Building C object CMakeFiles/cmTC_d4ada.dir/testCCompiler.c.o
/share/apps/compilers/gcc-7.3.0/bin/gcc   -I/share/apps/compilers/gcc-7.3.0/include    -o CMakeFiles/cmTC_d4ada.dir/testCCompiler.c.o   -c /home/rolandas/Sphere/build/CMakeFiles/CMakeTmp/testCCompiler.c
Linking C executable cmTC_d4ada
/share/apps/compilers/cmake-3.10.3/bin/cmake -E cmake_link_script CMakeFiles/cmTC_d4ada.dir/link.txt --verbose=1
/share/apps/compilers/gcc-7.3.0/bin/gcc -I/share/apps/compilers/gcc-7.3.0/include   -L/share/apps/compilers/gcc-7.3.0/lib64  -rdynamic CMakeFiles/cmTC_d4ada.dir/testCCompiler.c.o  -o cmTC_d4ada 
gmake[1]: Leaving directory `/home/rolandas/Sphere/build/CMakeFiles/CMakeTmp'


Detecting C compiler ABI info compiled with the following output:
Change Dir: /home/rolandas/Sphere/build/CMakeFiles/CMakeTmp

Run Build Command:"/usr/bin/gmake" "cmTC_8a947/fast"
/usr/bin/gmake -f CMakeFiles/cmTC_8a947.dir/build.make CMakeFiles/cmTC_8a947.dir/build
gmake[1]: Entering directory `/home/rolandas/Sphere/build/CMakeFiles/CMakeTmp'
Building C object CMakeFiles/cmTC_8a947.dir/CMakeCCompilerABI.c.o
/share/apps/compilers/gcc-7.3.0/bin/gcc   -I/share/apps/compilers/gcc-7.3.0/include    -o CMakeFiles/cmTC_8a947.dir/CMakeCCompilerABI.c.o   -c /share/apps/compilers/cmake-3.10.3/share/cmake-3.10/Modules/CMakeCCompilerABI.c
Linking C executable cmTC_8a947
/share/apps/compilers/cmake-3.10.3/bin/cmake -E cmake_link_script CMakeFiles/cmTC_8a947.dir/link.txt --verbose=1
/share/apps/compilers/gcc-7.3.0/bin/gcc -I/share/apps/compilers/gcc-7.3.0/include   -L/share/apps/compilers/gcc-7.3.0/lib64 -v -rdynamic CMakeFiles/cmTC_8a947.dir/CMakeCCompilerABI.c.o  -o cmTC_8a947 
Using built-in specs.
COLLECT_GCC=/share/apps/compilers/gcc-7.3.0/bin/gcc
COLLECT_LTO_WRAPPER=/share/apps/compilers/gcc-7.3.0/libexec/gcc/x86_64-pc-linux-gnu/7.3.0/lto-wrapper
Target: x86_64-pc-linux-gnu
Configured with: ../configure --prefix=/share/apps/compilers/gcc-7.3.0 --with-gmp=/share/apps/compilers/gcc-7.3.0 --with-mpfr=/share/apps/compilers/gcc-7.3.0 --with-mpc=/share/apps/compilers/gcc-7.3.0 --enable-multilib --with-system-zlib --enable-languages=c,c++,objc,obj-c++,fortran,go,lto --enable-shared --enable-multiarch
Thread model: posix
gcc version 7.3.0 (GCC) 
COMPILER_PATH=/share/apps/compilers/gcc-7.3.0/libexec/gcc/x86_64-pc-linux-gnu/7.3.0/:/share/apps/compilers/gcc-7.3.0/libexec/gcc/x86_64-pc-linux-gnu/7.3.0/:/share/apps/compilers/gcc-7.3.0/libexec/gcc/x86_64-pc-linux-gnu/:/share/apps/compilers/gcc-7.3.0/lib/gcc/x86_64-pc-linux-gnu/7.3.0/:/share/apps/compilers/gcc-7.3.0/lib/gcc/x86_64-pc-linux-gnu/
LIBRARY_PATH=/share/apps/devel/cuda-9.1.85/lib64/../lib64/:/share/apps/compilers/gcc-7.3.0/lib64/../lib64/:/share/apps/compilers/gcc-7.3.0/lib/gcc/x86_64-pc-linux-gnu/7.3.0/:/share/apps/compilers/gcc-7.3.0/lib/gcc/x86_64-pc-linux-gnu/7.3.0/../../../../lib64/:/lib/../lib64/:/usr/lib/../lib64/:/share/apps/graphical/vtk-8.1.0/lib/:/share/apps/devel/hdf5-1.8.20//lib/:/share/apps/devel/cuda-9.1.85/lib64/:/share/apps/devel/cuda-9.1.85/samples/common/lib/:/share/apps/devel/boost_1_66_0/lib/:/share/apps/compilers/gcc-7.3.0/lib64/:/share/apps/compilers/gcc-7.3.0/lib/gcc/x86_64-pc-linux-gnu/7.3.0/../../../:/lib/:/usr/lib/
COLLECT_GCC_OPTIONS='-I' '/share/apps/compilers/gcc-7.3.0/include' '-L/share/apps/compilers/gcc-7.3.0/lib64' '-v' '-rdynamic' '-o' 'cmTC_8a947' '-mtune=generic' '-march=x86-64'
 /share/apps/compilers/gcc-7.3.0/libexec/gcc/x86_64-pc-linux-gnu/7.3.0/collect2 -plugin /share/apps/compilers/gcc-7.3.0/libexec/gcc/x86_64-pc-linux-gnu/7.3.0/liblto_plugin.so -plugin-opt=/share/apps/compilers/gcc-7.3.0/libexec/gcc/x86_64-pc-linux-gnu/7.3.0/lto-wrapper -plugin-opt=-fresolution=/tmp/ccei2KDs.res -plugin-opt=-pass-through=-lgcc -plugin-opt=-pass-through=-lgcc_s -plugin-opt=-pass-through=-lc -plugin-opt=-pass-through=-lgcc -plugin-opt=-pass-through=-lgcc_s --eh-frame-hdr -m elf_x86_64 -export-dynamic -dynamic-linker /lib64/ld-linux-x86-64.so.2 -o cmTC_8a947 /lib/../lib64/crt1.o /lib/../lib64/crti.o /share/apps/compilers/gcc-7.3.0/lib/gcc/x86_64-pc-linux-gnu/7.3.0/crtbegin.o -L/share/apps/compilers/gcc-7.3.0/lib64 -L/share/apps/devel/cuda-9.1.85/lib64/../lib64 -L/share/apps/compilers/gcc-7.3.0/lib64/../lib64 -L/share/apps/compilers/gcc-7.3.0/lib/gcc/x86_64-pc-linux-gnu/7.3.0 -L/share/apps/compilers/gcc-7.3.0/lib/gcc/x86_64-pc-linux-gnu/7.3.0/../../../../lib64 -L/lib/../lib64 -L/usr/lib/../lib64 -L/share/apps/graphical/vtk-8.1.0/lib -L/share/apps/devel/hdf5-1.8.20//lib -L/share/apps/devel/cuda-9.1.85/lib64 -L/share/apps/devel/cuda-9.1.85/samples/common/lib -L/share/apps/devel/boost_1_66_0/lib -L/share/apps/compilers/gcc-7.3.0/lib64 -L/share/apps/compilers/gcc-7.3.0/lib/gcc/x86_64-pc-linux-gnu/7.3.0/../../.. CMakeFiles/cmTC_8a947.dir/CMakeCCompilerABI.c.o -lgcc --as-needed -lgcc_s --no-as-needed -lc -lgcc --as-needed -lgcc_s --no-as-needed /share/apps/compilers/gcc-7.3.0/lib/gcc/x86_64-pc-linux-gnu/7.3.0/crtend.o /lib/../lib64/crtn.o
COLLECT_GCC_OPTIONS='-I' '/share/apps/compilers/gcc-7.3.0/include' '-L/share/apps/compilers/gcc-7.3.0/lib64' '-v' '-rdynamic' '-o' 'cmTC_8a947' '-mtune=generic' '-march=x86-64'
gmake[1]: Leaving directory `/home/rolandas/Sphere/build/CMakeFiles/CMakeTmp'


Parsed C implicit link information from above output:
  link line regex: [^( *|.*[/\])(ld|CMAKE_LINK_STARTFILE-NOTFOUND|([^/\]+-)?ld|collect2)[^/\]*( |$)]
  ignore line: [Change Dir: /home/rolandas/Sphere/build/CMakeFiles/CMakeTmp]
  ignore line: []
  ignore line: [Run Build Command:"/usr/bin/gmake" "cmTC_8a947/fast"]
  ignore line: [/usr/bin/gmake -f CMakeFiles/cmTC_8a947.dir/build.make CMakeFiles/cmTC_8a947.dir/build]
  ignore line: [gmake[1]: Entering directory `/home/rolandas/Sphere/build/CMakeFiles/CMakeTmp']
  ignore line: [Building C object CMakeFiles/cmTC_8a947.dir/CMakeCCompilerABI.c.o]
  ignore line: [/share/apps/compilers/gcc-7.3.0/bin/gcc   -I/share/apps/compilers/gcc-7.3.0/include    -o CMakeFiles/cmTC_8a947.dir/CMakeCCompilerABI.c.o   -c /share/apps/compilers/cmake-3.10.3/share/cmake-3.10/Modules/CMakeCCompilerABI.c]
  ignore line: [Linking C executable cmTC_8a947]
  ignore line: [/share/apps/compilers/cmake-3.10.3/bin/cmake -E cmake_link_script CMakeFiles/cmTC_8a947.dir/link.txt --verbose=1]
  ignore line: [/share/apps/compilers/gcc-7.3.0/bin/gcc -I/share/apps/compilers/gcc-7.3.0/include   -L/share/apps/compilers/gcc-7.3.0/lib64 -v -rdynamic CMakeFiles/cmTC_8a947.dir/CMakeCCompilerABI.c.o  -o cmTC_8a947 ]
  ignore line: [Using built-in specs.]
  ignore line: [COLLECT_GCC=/share/apps/compilers/gcc-7.3.0/bin/gcc]
  ignore line: [COLLECT_LTO_WRAPPER=/share/apps/compilers/gcc-7.3.0/libexec/gcc/x86_64-pc-linux-gnu/7.3.0/lto-wrapper]
  ignore line: [Target: x86_64-pc-linux-gnu]
  ignore line: [Configured with: ../configure --prefix=/share/apps/compilers/gcc-7.3.0 --with-gmp=/share/apps/compilers/gcc-7.3.0 --with-mpfr=/share/apps/compilers/gcc-7.3.0 --with-mpc=/share/apps/compilers/gcc-7.3.0 --enable-multilib --with-system-zlib --enable-languages=c,c++,objc,obj-c++,fortran,go,lto --enable-shared --enable-multiarch]
  ignore line: [Thread model: posix]
  ignore line: [gcc version 7.3.0 (GCC) ]
  ignore line: [COMPILER_PATH=/share/apps/compilers/gcc-7.3.0/libexec/gcc/x86_64-pc-linux-gnu/7.3.0/:/share/apps/compilers/gcc-7.3.0/libexec/gcc/x86_64-pc-linux-gnu/7.3.0/:/share/apps/compilers/gcc-7.3.0/libexec/gcc/x86_64-pc-linux-gnu/:/share/apps/compilers/gcc-7.3.0/lib/gcc/x86_64-pc-linux-gnu/7.3.0/:/share/apps/compilers/gcc-7.3.0/lib/gcc/x86_64-pc-linux-gnu/]
  ignore line: [LIBRARY_PATH=/share/apps/devel/cuda-9.1.85/lib64/../lib64/:/share/apps/compilers/gcc-7.3.0/lib64/../lib64/:/share/apps/compilers/gcc-7.3.0/lib/gcc/x86_64-pc-linux-gnu/7.3.0/:/share/apps/compilers/gcc-7.3.0/lib/gcc/x86_64-pc-linux-gnu/7.3.0/../../../../lib64/:/lib/../lib64/:/usr/lib/../lib64/:/share/apps/graphical/vtk-8.1.0/lib/:/share/apps/devel/hdf5-1.8.20//lib/:/share/apps/devel/cuda-9.1.85/lib64/:/share/apps/devel/cuda-9.1.85/samples/common/lib/:/share/apps/devel/boost_1_66_0/lib/:/share/apps/compilers/gcc-7.3.0/lib64/:/share/apps/compilers/gcc-7.3.0/lib/gcc/x86_64-pc-linux-gnu/7.3.0/../../../:/lib/:/usr/lib/]
  ignore line: [COLLECT_GCC_OPTIONS='-I' '/share/apps/compilers/gcc-7.3.0/include' '-L/share/apps/compilers/gcc-7.3.0/lib64' '-v' '-rdynamic' '-o' 'cmTC_8a947' '-mtune=generic' '-march=x86-64']
  link line: [ /share/apps/compilers/gcc-7.3.0/libexec/gcc/x86_64-pc-linux-gnu/7.3.0/collect2 -plugin /share/apps/compilers/gcc-7.3.0/libexec/gcc/x86_64-pc-linux-gnu/7.3.0/liblto_plugin.so -plugin-opt=/share/apps/compilers/gcc-7.3.0/libexec/gcc/x86_64-pc-linux-gnu/7.3.0/lto-wrapper -plugin-opt=-fresolution=/tmp/ccei2KDs.res -plugin-opt=-pass-through=-lgcc -plugin-opt=-pass-through=-lgcc_s -plugin-opt=-pass-through=-lc -plugin-opt=-pass-through=-lgcc -plugin-opt=-pass-through=-lgcc_s --eh-frame-hdr -m elf_x86_64 -export-dynamic -dynamic-linker /lib64/ld-linux-x86-64.so.2 -o cmTC_8a947 /lib/../lib64/crt1.o /lib/../lib64/crti.o /share/apps/compilers/gcc-7.3.0/lib/gcc/x86_64-pc-linux-gnu/7.3.0/crtbegin.o -L/share/apps/compilers/gcc-7.3.0/lib64 -L/share/apps/devel/cuda-9.1.85/lib64/../lib64 -L/share/apps/compilers/gcc-7.3.0/lib64/../lib64 -L/share/apps/compilers/gcc-7.3.0/lib/gcc/x86_64-pc-linux-gnu/7.3.0 -L/share/apps/compilers/gcc-7.3.0/lib/gcc/x86_64-pc-linux-gnu/7.3.0/../../../../lib64 -L/lib/../lib64 -L/usr/lib/../lib64 -L/share/apps/graphical/vtk-8.1.0/lib -L/share/apps/devel/hdf5-1.8.20//lib -L/share/apps/devel/cuda-9.1.85/lib64 -L/share/apps/devel/cuda-9.1.85/samples/common/lib -L/share/apps/devel/boost_1_66_0/lib -L/share/apps/compilers/gcc-7.3.0/lib64 -L/share/apps/compilers/gcc-7.3.0/lib/gcc/x86_64-pc-linux-gnu/7.3.0/../../.. CMakeFiles/cmTC_8a947.dir/CMakeCCompilerABI.c.o -lgcc --as-needed -lgcc_s --no-as-needed -lc -lgcc --as-needed -lgcc_s --no-as-needed /share/apps/compilers/gcc-7.3.0/lib/gcc/x86_64-pc-linux-gnu/7.3.0/crtend.o /lib/../lib64/crtn.o]
    arg [/share/apps/compilers/gcc-7.3.0/libexec/gcc/x86_64-pc-linux-gnu/7.3.0/collect2] ==> ignore
    arg [-plugin] ==> ignore
    arg [/share/apps/compilers/gcc-7.3.0/libexec/gcc/x86_64-pc-linux-gnu/7.3.0/liblto_plugin.so] ==> ignore
    arg [-plugin-opt=/share/apps/compilers/gcc-7.3.0/libexec/gcc/x86_64-pc-linux-gnu/7.3.0/lto-wrapper] ==> ignore
    arg [-plugin-opt=-fresolution=/tmp/ccei2KDs.res] ==> ignore
    arg [-plugin-opt=-pass-through=-lgcc] ==> ignore
    arg [-plugin-opt=-pass-through=-lgcc_s] ==> ignore
    arg [-plugin-opt=-pass-through=-lc] ==> ignore
    arg [-plugin-opt=-pass-through=-lgcc] ==> ignore
    arg [-plugin-opt=-pass-through=-lgcc_s] ==> ignore
    arg [--eh-frame-hdr] ==> ignore
    arg [-m] ==> ignore
    arg [elf_x86_64] ==> ignore
    arg [-export-dynamic] ==> ignore
    arg [-dynamic-linker] ==> ignore
    arg [/lib64/ld-linux-x86-64.so.2] ==> ignore
    arg [-o] ==> ignore
    arg [cmTC_8a947] ==> ignore
    arg [/lib/../lib64/crt1.o] ==> ignore
    arg [/lib/../lib64/crti.o] ==> ignore
    arg [/share/apps/compilers/gcc-7.3.0/lib/gcc/x86_64-pc-linux-gnu/7.3.0/crtbegin.o] ==> ignore
    arg [-L/share/apps/compilers/gcc-7.3.0/lib64] ==> dir [/share/apps/compilers/gcc-7.3.0/lib64]
    arg [-L/share/apps/devel/cuda-9.1.85/lib64/../lib64] ==> dir [/share/apps/devel/cuda-9.1.85/lib64/../lib64]
    arg [-L/share/apps/compilers/gcc-7.3.0/lib64/../lib64] ==> dir [/share/apps/compilers/gcc-7.3.0/lib64/../lib64]
    arg [-L/share/apps/compilers/gcc-7.3.0/lib/gcc/x86_64-pc-linux-gnu/7.3.0] ==> dir [/share/apps/compilers/gcc-7.3.0/lib/gcc/x86_64-pc-linux-gnu/7.3.0]
    arg [-L/share/apps/compilers/gcc-7.3.0/lib/gcc/x86_64-pc-linux-gnu/7.3.0/../../../../lib64] ==> dir [/share/apps/compilers/gcc-7.3.0/lib/gcc/x86_64-pc-linux-gnu/7.3.0/../../../../lib64]
    arg [-L/lib/../lib64] ==> dir [/lib/../lib64]
    arg [-L/usr/lib/../lib64] ==> dir [/usr/lib/../lib64]
    arg [-L/share/apps/graphical/vtk-8.1.0/lib] ==> dir [/share/apps/graphical/vtk-8.1.0/lib]
    arg [-L/share/apps/devel/hdf5-1.8.20//lib] ==> dir [/share/apps/devel/hdf5-1.8.20//lib]
    arg [-L/share/apps/devel/cuda-9.1.85/lib64] ==> dir [/share/apps/devel/cuda-9.1.85/lib64]
    arg [-L/share/apps/devel/cuda-9.1.85/samples/common/lib] ==> dir [/share/apps/devel/cuda-9.1.85/samples/common/lib]
    arg [-L/share/apps/devel/boost_1_66_0/lib] ==> dir [/share/apps/devel/boost_1_66_0/lib]
    arg [-L/share/apps/compilers/gcc-7.3.0/lib64] ==> dir [/share/apps/compilers/gcc-7.3.0/lib64]
    arg [-L/share/apps/compilers/gcc-7.3.0/lib/gcc/x86_64-pc-linux-gnu/7.3.0/../../..] ==> dir [/share/apps/compilers/gcc-7.3.0/lib/gcc/x86_64-pc-linux-gnu/7.3.0/../../..]
    arg [CMakeFiles/cmTC_8a947.dir/CMakeCCompilerABI.c.o] ==> ignore
    arg [-lgcc] ==> lib [gcc]
    arg [--as-needed] ==> ignore
    arg [-lgcc_s] ==> lib [gcc_s]
    arg [--no-as-needed] ==> ignore
    arg [-lc] ==> lib [c]
    arg [-lgcc] ==> lib [gcc]
    arg [--as-needed] ==> ignore
    arg [-lgcc_s] ==> lib [gcc_s]
    arg [--no-as-needed] ==> ignore
    arg [/share/apps/compilers/gcc-7.3.0/lib/gcc/x86_64-pc-linux-gnu/7.3.0/crtend.o] ==> ignore
    arg [/lib/../lib64/crtn.o] ==> ignore
  collapse library dir [/share/apps/compilers/gcc-7.3.0/lib64] ==> [/share/apps/compilers/gcc-7.3.0/lib64]
  collapse library dir [/share/apps/devel/cuda-9.1.85/lib64/../lib64] ==> [/share/apps/devel/cuda-9.1.85/lib64]
  collapse library dir [/share/apps/compilers/gcc-7.3.0/lib64/../lib64] ==> [/share/apps/compilers/gcc-7.3.0/lib64]
  collapse library dir [/share/apps/compilers/gcc-7.3.0/lib/gcc/x86_64-pc-linux-gnu/7.3.0] ==> [/share/apps/compilers/gcc-7.3.0/lib/gcc/x86_64-pc-linux-gnu/7.3.0]
  collapse library dir [/share/apps/compilers/gcc-7.3.0/lib/gcc/x86_64-pc-linux-gnu/7.3.0/../../../../lib64] ==> [/share/apps/compilers/gcc-7.3.0/lib64]
  collapse library dir [/lib/../lib64] ==> [/lib64]
  collapse library dir [/usr/lib/../lib64] ==> [/usr/lib64]
  collapse library dir [/share/apps/graphical/vtk-8.1.0/lib] ==> [/share/apps/graphical/vtk-8.1.0/lib]
  collapse library dir [/share/apps/devel/hdf5-1.8.20//lib] ==> [/share/apps/devel/hdf5-1.8.20/lib]
  collapse library dir [/share/apps/devel/cuda-9.1.85/lib64] ==> [/share/apps/devel/cuda-9.1.85/lib64]
  collapse library dir [/share/apps/devel/cuda-9.1.85/samples/common/lib] ==> [/share/apps/devel/cuda-9.1.85/samples/common/lib]
  collapse library dir [/share/apps/devel/boost_1_66_0/lib] ==> [/share/apps/devel/boost_1_66_0/lib]
  collapse library dir [/share/apps/compilers/gcc-7.3.0/lib64] ==> [/share/apps/compilers/gcc-7.3.0/lib64]
  collapse library dir [/share/apps/compilers/gcc-7.3.0/lib/gcc/x86_64-pc-linux-gnu/7.3.0/../../..] ==> [/share/apps/compilers/gcc-7.3.0/lib]
  implicit libs: [gcc;gcc_s;c;gcc;gcc_s]
  implicit dirs: [/share/apps/compilers/gcc-7.3.0/lib64;/share/apps/devel/cuda-9.1.85/lib64;/share/apps/compilers/gcc-7.3.0/lib/gcc/x86_64-pc-linux-gnu/7.3.0;/lib64;/usr/lib64;/share/apps/graphical/vtk-8.1.0/lib;/share/apps/devel/hdf5-1.8.20/lib;/share/apps/devel/cuda-9.1.85/samples/common/lib;/share/apps/devel/boost_1_66_0/lib;/share/apps/compilers/gcc-7.3.0/lib]
  implicit fwks: []




Detecting C [-std=c11] compiler features compiled with the following output:
Change Dir: /home/rolandas/Sphere/build/CMakeFiles/CMakeTmp

Run Build Command:"/usr/bin/gmake" "cmTC_7df3c/fast"
/usr/bin/gmake -f CMakeFiles/cmTC_7df3c.dir/build.make CMakeFiles/cmTC_7df3c.dir/build
gmake[1]: Entering directory `/home/rolandas/Sphere/build/CMakeFiles/CMakeTmp'
Building C object CMakeFiles/cmTC_7df3c.dir/feature_tests.c.o
/share/apps/compilers/gcc-7.3.0/bin/gcc   -I/share/apps/compilers/gcc-7.3.0/include    -std=c11 -o CMakeFiles/cmTC_7df3c.dir/feature_tests.c.o   -c /home/rolandas/Sphere/build/CMakeFiles/feature_tests.c
Linking C executable cmTC_7df3c
/share/apps/compilers/cmake-3.10.3/bin/cmake -E cmake_link_script CMakeFiles/cmTC_7df3c.dir/link.txt --verbose=1
/share/apps/compilers/gcc-7.3.0/bin/gcc -I/share/apps/compilers/gcc-7.3.0/include   -L/share/apps/compilers/gcc-7.3.0/lib64  -rdynamic CMakeFiles/cmTC_7df3c.dir/feature_tests.c.o  -o cmTC_7df3c 
gmake[1]: Leaving directory `/home/rolandas/Sphere/build/CMakeFiles/CMakeTmp'


    Feature record: C_FEATURE:1c_function_prototypes
    Feature record: C_FEATURE:1c_restrict
    Feature record: C_FEATURE:1c_static_assert
    Feature record: C_FEATURE:1c_variadic_macros


Detecting C [-std=c99] compiler features compiled with the following output:
Change Dir: /home/rolandas/Sphere/build/CMakeFiles/CMakeTmp

Run Build Command:"/usr/bin/gmake" "cmTC_96ca9/fast"
/usr/bin/gmake -f CMakeFiles/cmTC_96ca9.dir/build.make CMakeFiles/cmTC_96ca9.dir/build
gmake[1]: Entering directory `/home/rolandas/Sphere/build/CMakeFiles/CMakeTmp'
Building C object CMakeFiles/cmTC_96ca9.dir/feature_tests.c.o
/share/apps/compilers/gcc-7.3.0/bin/gcc   -I/share/apps/compilers/gcc-7.3.0/include    -std=c99 -o CMakeFiles/cmTC_96ca9.dir/feature_tests.c.o   -c /home/rolandas/Sphere/build/CMakeFiles/feature_tests.c
Linking C executable cmTC_96ca9
/share/apps/compilers/cmake-3.10.3/bin/cmake -E cmake_link_script CMakeFiles/cmTC_96ca9.dir/link.txt --verbose=1
/share/apps/compilers/gcc-7.3.0/bin/gcc -I/share/apps/compilers/gcc-7.3.0/include   -L/share/apps/compilers/gcc-7.3.0/lib64  -rdynamic CMakeFiles/cmTC_96ca9.dir/feature_tests.c.o  -o cmTC_96ca9 
gmake[1]: Leaving directory `/home/rolandas/Sphere/build/CMakeFiles/CMakeTmp'


    Feature record: C_FEATURE:1c_function_prototypes
    Feature record: C_FEATURE:1c_restrict
    Feature record: C_FEATURE:0c_static_assert
    Feature record: C_FEATURE:1c_variadic_macros


Detecting C [-std=c90] compiler features compiled with the following output:
Change Dir: /home/rolandas/Sphere/build/CMakeFiles/CMakeTmp

Run Build Command:"/usr/bin/gmake" "cmTC_fdff4/fast"
/usr/bin/gmake -f CMakeFiles/cmTC_fdff4.dir/build.make CMakeFiles/cmTC_fdff4.dir/build
gmake[1]: Entering directory `/home/rolandas/Sphere/build/CMakeFiles/CMakeTmp'
Building C object CMakeFiles/cmTC_fdff4.dir/feature_tests.c.o
/share/apps/compilers/gcc-7.3.0/bin/gcc   -I/share/apps/compilers/gcc-7.3.0/include    -std=c90 -o CMakeFiles/cmTC_fdff4.dir/feature_tests.c.o   -c /home/rolandas/Sphere/build/CMakeFiles/feature_tests.c
Linking C executable cmTC_fdff4
/share/apps/compilers/cmake-3.10.3/bin/cmake -E cmake_link_script CMakeFiles/cmTC_fdff4.dir/link.txt --verbose=1
/share/apps/compilers/gcc-7.3.0/bin/gcc -I/share/apps/compilers/gcc-7.3.0/include   -L/share/apps/compilers/gcc-7.3.0/lib64  -rdynamic CMakeFiles/cmTC_fdff4.dir/feature_tests.c.o  -o cmTC_fdff4 
gmake[1]: Leaving directory `/home/rolandas/Sphere/build/CMakeFiles/CMakeTmp'


    Feature record: C_FEATURE:1c_function_prototypes
    Feature record: C_FEATURE:0c_restrict
    Feature record: C_FEATURE:0c_static_assert
    Feature record: C_FEATURE:0c_variadic_macros
Determining if the CXX compiler works passed with the following output:
Change Dir: /home/rolandas/Sphere/build/CMakeFiles/CMakeTmp

Run Build Command:"/usr/bin/gmake" "cmTC_4d477/fast"
/usr/bin/gmake -f CMakeFiles/cmTC_4d477.dir/build.make CMakeFiles/cmTC_4d477.dir/build
gmake[1]: Entering directory `/home/rolandas/Sphere/build/CMakeFiles/CMakeTmp'
Building CXX object CMakeFiles/cmTC_4d477.dir/testCXXCompiler.cxx.o
/share/apps/compilers/gcc-7.3.0/bin/g++     -o CMakeFiles/cmTC_4d477.dir/testCXXCompiler.cxx.o -c /home/rolandas/Sphere/build/CMakeFiles/CMakeTmp/testCXXCompiler.cxx
Linking CXX executable cmTC_4d477
/share/apps/compilers/cmake-3.10.3/bin/cmake -E cmake_link_script CMakeFiles/cmTC_4d477.dir/link.txt --verbose=1
/share/apps/compilers/gcc-7.3.0/bin/g++     -L/share/apps/compilers/gcc-7.3.0/lib64  -rdynamic CMakeFiles/cmTC_4d477.dir/testCXXCompiler.cxx.o  -o cmTC_4d477 
gmake[1]: Leaving directory `/home/rolandas/Sphere/build/CMakeFiles/CMakeTmp'


Detecting CXX compiler ABI info compiled with the following output:
Change Dir: /home/rolandas/Sphere/build/CMakeFiles/CMakeTmp

Run Build Command:"/usr/bin/gmake" "cmTC_67b21/fast"
/usr/bin/gmake -f CMakeFiles/cmTC_67b21.dir/build.make CMakeFiles/cmTC_67b21.dir/build
gmake[1]: Entering directory `/home/rolandas/Sphere/build/CMakeFiles/CMakeTmp'
Building CXX object CMakeFiles/cmTC_67b21.dir/CMakeCXXCompilerABI.cpp.o
/share/apps/compilers/gcc-7.3.0/bin/g++     -o CMakeFiles/cmTC_67b21.dir/CMakeCXXCompilerABI.cpp.o -c /share/apps/compilers/cmake-3.10.3/share/cmake-3.10/Modules/CMakeCXXCompilerABI.cpp
Linking CXX executable cmTC_67b21
/share/apps/compilers/cmake-3.10.3/bin/cmake -E cmake_link_script CMakeFiles/cmTC_67b21.dir/link.txt --verbose=1
/share/apps/compilers/gcc-7.3.0/bin/g++     -L/share/apps/compilers/gcc-7.3.0/lib64 -v -rdynamic CMakeFiles/cmTC_67b21.dir/CMakeCXXCompilerABI.cpp.o  -o cmTC_67b21 
Using built-in specs.
COLLECT_GCC=/share/apps/compilers/gcc-7.3.0/bin/g++
COLLECT_LTO_WRAPPER=/share/apps/compilers/gcc-7.3.0/libexec/gcc/x86_64-pc-linux-gnu/7.3.0/lto-wrapper
Target: x86_64-pc-linux-gnu
Configured with: ../configure --prefix=/share/apps/compilers/gcc-7.3.0 --with-gmp=/share/apps/compilers/gcc-7.3.0 --with-mpfr=/share/apps/compilers/gcc-7.3.0 --with-mpc=/share/apps/compilers/gcc-7.3.0 --enable-multilib --with-system-zlib --enable-languages=c,c++,objc,obj-c++,fortran,go,lto --enable-shared --enable-multiarch
Thread model: posix
gcc version 7.3.0 (GCC) 
COMPILER_PATH=/share/apps/compilers/gcc-7.3.0/libexec/gcc/x86_64-pc-linux-gnu/7.3.0/:/share/apps/compilers/gcc-7.3.0/libexec/gcc/x86_64-pc-linux-gnu/7.3.0/:/share/apps/compilers/gcc-7.3.0/libexec/gcc/x86_64-pc-linux-gnu/:/share/apps/compilers/gcc-7.3.0/lib/gcc/x86_64-pc-linux-gnu/7.3.0/:/share/apps/compilers/gcc-7.3.0/lib/gcc/x86_64-pc-linux-gnu/
LIBRARY_PATH=/share/apps/devel/cuda-9.1.85/lib64/../lib64/:/share/apps/compilers/gcc-7.3.0/lib64/../lib64/:/share/apps/compilers/gcc-7.3.0/lib/gcc/x86_64-pc-linux-gnu/7.3.0/:/share/apps/compilers/gcc-7.3.0/lib/gcc/x86_64-pc-linux-gnu/7.3.0/../../../../lib64/:/lib/../lib64/:/usr/lib/../lib64/:/share/apps/graphical/vtk-8.1.0/lib/:/share/apps/devel/hdf5-1.8.20//lib/:/share/apps/devel/cuda-9.1.85/lib64/:/share/apps/devel/cuda-9.1.85/samples/common/lib/:/share/apps/devel/boost_1_66_0/lib/:/share/apps/compilers/gcc-7.3.0/lib64/:/share/apps/compilers/gcc-7.3.0/lib/gcc/x86_64-pc-linux-gnu/7.3.0/../../../:/lib/:/usr/lib/
COLLECT_GCC_OPTIONS='-L/share/apps/compilers/gcc-7.3.0/lib64' '-v' '-rdynamic' '-o' 'cmTC_67b21' '-shared-libgcc' '-mtune=generic' '-march=x86-64'
 /share/apps/compilers/gcc-7.3.0/libexec/gcc/x86_64-pc-linux-gnu/7.3.0/collect2 -plugin /share/apps/compilers/gcc-7.3.0/libexec/gcc/x86_64-pc-linux-gnu/7.3.0/liblto_plugin.so -plugin-opt=/share/apps/compilers/gcc-7.3.0/libexec/gcc/x86_64-pc-linux-gnu/7.3.0/lto-wrapper -plugin-opt=-fresolution=/tmp/ccE9m6w9.res -plugin-opt=-pass-through=-lgcc_s -plugin-opt=-pass-through=-lgcc -plugin-opt=-pass-through=-lc -plugin-opt=-pass-through=-lgcc_s -plugin-opt=-pass-through=-lgcc --eh-frame-hdr -m elf_x86_64 -export-dynamic -dynamic-linker /lib64/ld-linux-x86-64.so.2 -o cmTC_67b21 /lib/../lib64/crt1.o /lib/../lib64/crti.o /share/apps/compilers/gcc-7.3.0/lib/gcc/x86_64-pc-linux-gnu/7.3.0/crtbegin.o -L/share/apps/compilers/gcc-7.3.0/lib64 -L/share/apps/devel/cuda-9.1.85/lib64/../lib64 -L/share/apps/compilers/gcc-7.3.0/lib64/../lib64 -L/share/apps/compilers/gcc-7.3.0/lib/gcc/x86_64-pc-linux-gnu/7.3.0 -L/share/apps/compilers/gcc-7.3.0/lib/gcc/x86_64-pc-linux-gnu/7.3.0/../../../../lib64 -L/lib/../lib64 -L/usr/lib/../lib64 -L/share/apps/graphical/vtk-8.1.0/lib -L/share/apps/devel/hdf5-1.8.20//lib -L/share/apps/devel/cuda-9.1.85/lib64 -L/share/apps/devel/cuda-9.1.85/samples/common/lib -L/share/apps/devel/boost_1_66_0/lib -L/share/apps/compilers/gcc-7.3.0/lib64 -L/share/apps/compilers/gcc-7.3.0/lib/gcc/x86_64-pc-linux-gnu/7.3.0/../../.. CMakeFiles/cmTC_67b21.dir/CMakeCXXCompilerABI.cpp.o -lstdc++ -lm -lgcc_s -lgcc -lc -lgcc_s -lgcc /share/apps/compilers/gcc-7.3.0/lib/gcc/x86_64-pc-linux-gnu/7.3.0/crtend.o /lib/../lib64/crtn.o
COLLECT_GCC_OPTIONS='-L/share/apps/compilers/gcc-7.3.0/lib64' '-v' '-rdynamic' '-o' 'cmTC_67b21' '-shared-libgcc' '-mtune=generic' '-march=x86-64'
gmake[1]: Leaving directory `/home/rolandas/Sphere/build/CMakeFiles/CMakeTmp'


Parsed CXX implicit link information from above output:
  link line regex: [^( *|.*[/\])(ld|CMAKE_LINK_STARTFILE-NOTFOUND|([^/\]+-)?ld|collect2)[^/\]*( |$)]
  ignore line: [Change Dir: /home/rolandas/Sphere/build/CMakeFiles/CMakeTmp]
  ignore line: []
  ignore line: [Run Build Command:"/usr/bin/gmake" "cmTC_67b21/fast"]
  ignore line: [/usr/bin/gmake -f CMakeFiles/cmTC_67b21.dir/build.make CMakeFiles/cmTC_67b21.dir/build]
  ignore line: [gmake[1]: Entering directory `/home/rolandas/Sphere/build/CMakeFiles/CMakeTmp']
  ignore line: [Building CXX object CMakeFiles/cmTC_67b21.dir/CMakeCXXCompilerABI.cpp.o]
  ignore line: [/share/apps/compilers/gcc-7.3.0/bin/g++     -o CMakeFiles/cmTC_67b21.dir/CMakeCXXCompilerABI.cpp.o -c /share/apps/compilers/cmake-3.10.3/share/cmake-3.10/Modules/CMakeCXXCompilerABI.cpp]
  ignore line: [Linking CXX executable cmTC_67b21]
  ignore line: [/share/apps/compilers/cmake-3.10.3/bin/cmake -E cmake_link_script CMakeFiles/cmTC_67b21.dir/link.txt --verbose=1]
  ignore line: [/share/apps/compilers/gcc-7.3.0/bin/g++     -L/share/apps/compilers/gcc-7.3.0/lib64 -v -rdynamic CMakeFiles/cmTC_67b21.dir/CMakeCXXCompilerABI.cpp.o  -o cmTC_67b21 ]
  ignore line: [Using built-in specs.]
  ignore line: [COLLECT_GCC=/share/apps/compilers/gcc-7.3.0/bin/g++]
  ignore line: [COLLECT_LTO_WRAPPER=/share/apps/compilers/gcc-7.3.0/libexec/gcc/x86_64-pc-linux-gnu/7.3.0/lto-wrapper]
  ignore line: [Target: x86_64-pc-linux-gnu]
  ignore line: [Configured with: ../configure --prefix=/share/apps/compilers/gcc-7.3.0 --with-gmp=/share/apps/compilers/gcc-7.3.0 --with-mpfr=/share/apps/compilers/gcc-7.3.0 --with-mpc=/share/apps/compilers/gcc-7.3.0 --enable-multilib --with-system-zlib --enable-languages=c,c++,objc,obj-c++,fortran,go,lto --enable-shared --enable-multiarch]
  ignore line: [Thread model: posix]
  ignore line: [gcc version 7.3.0 (GCC) ]
  ignore line: [COMPILER_PATH=/share/apps/compilers/gcc-7.3.0/libexec/gcc/x86_64-pc-linux-gnu/7.3.0/:/share/apps/compilers/gcc-7.3.0/libexec/gcc/x86_64-pc-linux-gnu/7.3.0/:/share/apps/compilers/gcc-7.3.0/libexec/gcc/x86_64-pc-linux-gnu/:/share/apps/compilers/gcc-7.3.0/lib/gcc/x86_64-pc-linux-gnu/7.3.0/:/share/apps/compilers/gcc-7.3.0/lib/gcc/x86_64-pc-linux-gnu/]
  ignore line: [LIBRARY_PATH=/share/apps/devel/cuda-9.1.85/lib64/../lib64/:/share/apps/compilers/gcc-7.3.0/lib64/../lib64/:/share/apps/compilers/gcc-7.3.0/lib/gcc/x86_64-pc-linux-gnu/7.3.0/:/share/apps/compilers/gcc-7.3.0/lib/gcc/x86_64-pc-linux-gnu/7.3.0/../../../../lib64/:/lib/../lib64/:/usr/lib/../lib64/:/share/apps/graphical/vtk-8.1.0/lib/:/share/apps/devel/hdf5-1.8.20//lib/:/share/apps/devel/cuda-9.1.85/lib64/:/share/apps/devel/cuda-9.1.85/samples/common/lib/:/share/apps/devel/boost_1_66_0/lib/:/share/apps/compilers/gcc-7.3.0/lib64/:/share/apps/compilers/gcc-7.3.0/lib/gcc/x86_64-pc-linux-gnu/7.3.0/../../../:/lib/:/usr/lib/]
  ignore line: [COLLECT_GCC_OPTIONS='-L/share/apps/compilers/gcc-7.3.0/lib64' '-v' '-rdynamic' '-o' 'cmTC_67b21' '-shared-libgcc' '-mtune=generic' '-march=x86-64']
  link line: [ /share/apps/compilers/gcc-7.3.0/libexec/gcc/x86_64-pc-linux-gnu/7.3.0/collect2 -plugin /share/apps/compilers/gcc-7.3.0/libexec/gcc/x86_64-pc-linux-gnu/7.3.0/liblto_plugin.so -plugin-opt=/share/apps/compilers/gcc-7.3.0/libexec/gcc/x86_64-pc-linux-gnu/7.3.0/lto-wrapper -plugin-opt=-fresolution=/tmp/ccE9m6w9.res -plugin-opt=-pass-through=-lgcc_s -plugin-opt=-pass-through=-lgcc -plugin-opt=-pass-through=-lc -plugin-opt=-pass-through=-lgcc_s -plugin-opt=-pass-through=-lgcc --eh-frame-hdr -m elf_x86_64 -export-dynamic -dynamic-linker /lib64/ld-linux-x86-64.so.2 -o cmTC_67b21 /lib/../lib64/crt1.o /lib/../lib64/crti.o /share/apps/compilers/gcc-7.3.0/lib/gcc/x86_64-pc-linux-gnu/7.3.0/crtbegin.o -L/share/apps/compilers/gcc-7.3.0/lib64 -L/share/apps/devel/cuda-9.1.85/lib64/../lib64 -L/share/apps/compilers/gcc-7.3.0/lib64/../lib64 -L/share/apps/compilers/gcc-7.3.0/lib/gcc/x86_64-pc-linux-gnu/7.3.0 -L/share/apps/compilers/gcc-7.3.0/lib/gcc/x86_64-pc-linux-gnu/7.3.0/../../../../lib64 -L/lib/../lib64 -L/usr/lib/../lib64 -L/share/apps/graphical/vtk-8.1.0/lib -L/share/apps/devel/hdf5-1.8.20//lib -L/share/apps/devel/cuda-9.1.85/lib64 -L/share/apps/devel/cuda-9.1.85/samples/common/lib -L/share/apps/devel/boost_1_66_0/lib -L/share/apps/compilers/gcc-7.3.0/lib64 -L/share/apps/compilers/gcc-7.3.0/lib/gcc/x86_64-pc-linux-gnu/7.3.0/../../.. CMakeFiles/cmTC_67b21.dir/CMakeCXXCompilerABI.cpp.o -lstdc++ -lm -lgcc_s -lgcc -lc -lgcc_s -lgcc /share/apps/compilers/gcc-7.3.0/lib/gcc/x86_64-pc-linux-gnu/7.3.0/crtend.o /lib/../lib64/crtn.o]
    arg [/share/apps/compilers/gcc-7.3.0/libexec/gcc/x86_64-pc-linux-gnu/7.3.0/collect2] ==> ignore
    arg [-plugin] ==> ignore
    arg [/share/apps/compilers/gcc-7.3.0/libexec/gcc/x86_64-pc-linux-gnu/7.3.0/liblto_plugin.so] ==> ignore
    arg [-plugin-opt=/share/apps/compilers/gcc-7.3.0/libexec/gcc/x86_64-pc-linux-gnu/7.3.0/lto-wrapper] ==> ignore
    arg [-plugin-opt=-fresolution=/tmp/ccE9m6w9.res] ==> ignore
    arg [-plugin-opt=-pass-through=-lgcc_s] ==> ignore
    arg [-plugin-opt=-pass-through=-lgcc] ==> ignore
    arg [-plugin-opt=-pass-through=-lc] ==> ignore
    arg [-plugin-opt=-pass-through=-lgcc_s] ==> ignore
    arg [-plugin-opt=-pass-through=-lgcc] ==> ignore
    arg [--eh-frame-hdr] ==> ignore
    arg [-m] ==> ignore
    arg [elf_x86_64] ==> ignore
    arg [-export-dynamic] ==> ignore
    arg [-dynamic-linker] ==> ignore
    arg [/lib64/ld-linux-x86-64.so.2] ==> ignore
    arg [-o] ==> ignore
    arg [cmTC_67b21] ==> ignore
    arg [/lib/../lib64/crt1.o] ==> ignore
    arg [/lib/../lib64/crti.o] ==> ignore
    arg [/share/apps/compilers/gcc-7.3.0/lib/gcc/x86_64-pc-linux-gnu/7.3.0/crtbegin.o] ==> ignore
    arg [-L/share/apps/compilers/gcc-7.3.0/lib64] ==> dir [/share/apps/compilers/gcc-7.3.0/lib64]
    arg [-L/share/apps/devel/cuda-9.1.85/lib64/../lib64] ==> dir [/share/apps/devel/cuda-9.1.85/lib64/../lib64]
    arg [-L/share/apps/compilers/gcc-7.3.0/lib64/../lib64] ==> dir [/share/apps/compilers/gcc-7.3.0/lib64/../lib64]
    arg [-L/share/apps/compilers/gcc-7.3.0/lib/gcc/x86_64-pc-linux-gnu/7.3.0] ==> dir [/share/apps/compilers/gcc-7.3.0/lib/gcc/x86_64-pc-linux-gnu/7.3.0]
    arg [-L/share/apps/compilers/gcc-7.3.0/lib/gcc/x86_64-pc-linux-gnu/7.3.0/../../../../lib64] ==> dir [/share/apps/compilers/gcc-7.3.0/lib/gcc/x86_64-pc-linux-gnu/7.3.0/../../../../lib64]
    arg [-L/lib/../lib64] ==> dir [/lib/../lib64]
    arg [-L/usr/lib/../lib64] ==> dir [/usr/lib/../lib64]
    arg [-L/share/apps/graphical/vtk-8.1.0/lib] ==> dir [/share/apps/graphical/vtk-8.1.0/lib]
    arg [-L/share/apps/devel/hdf5-1.8.20//lib] ==> dir [/share/apps/devel/hdf5-1.8.20//lib]
    arg [-L/share/apps/devel/cuda-9.1.85/lib64] ==> dir [/share/apps/devel/cuda-9.1.85/lib64]
    arg [-L/share/apps/devel/cuda-9.1.85/samples/common/lib] ==> dir [/share/apps/devel/cuda-9.1.85/samples/common/lib]
    arg [-L/share/apps/devel/boost_1_66_0/lib] ==> dir [/share/apps/devel/boost_1_66_0/lib]
    arg [-L/share/apps/compilers/gcc-7.3.0/lib64] ==> dir [/share/apps/compilers/gcc-7.3.0/lib64]
    arg [-L/share/apps/compilers/gcc-7.3.0/lib/gcc/x86_64-pc-linux-gnu/7.3.0/../../..] ==> dir [/share/apps/compilers/gcc-7.3.0/lib/gcc/x86_64-pc-linux-gnu/7.3.0/../../..]
    arg [CMakeFiles/cmTC_67b21.dir/CMakeCXXCompilerABI.cpp.o] ==> ignore
    arg [-lstdc++] ==> lib [stdc++]
    arg [-lm] ==> lib [m]
    arg [-lgcc_s] ==> lib [gcc_s]
    arg [-lgcc] ==> lib [gcc]
    arg [-lc] ==> lib [c]
    arg [-lgcc_s] ==> lib [gcc_s]
    arg [-lgcc] ==> lib [gcc]
    arg [/share/apps/compilers/gcc-7.3.0/lib/gcc/x86_64-pc-linux-gnu/7.3.0/crtend.o] ==> ignore
    arg [/lib/../lib64/crtn.o] ==> ignore
  collapse library dir [/share/apps/compilers/gcc-7.3.0/lib64] ==> [/share/apps/compilers/gcc-7.3.0/lib64]
  collapse library dir [/share/apps/devel/cuda-9.1.85/lib64/../lib64] ==> [/share/apps/devel/cuda-9.1.85/lib64]
  collapse library dir [/share/apps/compilers/gcc-7.3.0/lib64/../lib64] ==> [/share/apps/compilers/gcc-7.3.0/lib64]
  collapse library dir [/share/apps/compilers/gcc-7.3.0/lib/gcc/x86_64-pc-linux-gnu/7.3.0] ==> [/share/apps/compilers/gcc-7.3.0/lib/gcc/x86_64-pc-linux-gnu/7.3.0]
  collapse library dir [/share/apps/compilers/gcc-7.3.0/lib/gcc/x86_64-pc-linux-gnu/7.3.0/../../../../lib64] ==> [/share/apps/compilers/gcc-7.3.0/lib64]
  collapse library dir [/lib/../lib64] ==> [/lib64]
  collapse library dir [/usr/lib/../lib64] ==> [/usr/lib64]
  collapse library dir [/share/apps/graphical/vtk-8.1.0/lib] ==> [/share/apps/graphical/vtk-8.1.0/lib]
  collapse library dir [/share/apps/devel/hdf5-1.8.20//lib] ==> [/share/apps/devel/hdf5-1.8.20/lib]
  collapse library dir [/share/apps/devel/cuda-9.1.85/lib64] ==> [/share/apps/devel/cuda-9.1.85/lib64]
  collapse library dir [/share/apps/devel/cuda-9.1.85/samples/common/lib] ==> [/share/apps/devel/cuda-9.1.85/samples/common/lib]
  collapse library dir [/share/apps/devel/boost_1_66_0/lib] ==> [/share/apps/devel/boost_1_66_0/lib]
  collapse library dir [/share/apps/compilers/gcc-7.3.0/lib64] ==> [/share/apps/compilers/gcc-7.3.0/lib64]
  collapse library dir [/share/apps/compilers/gcc-7.3.0/lib/gcc/x86_64-pc-linux-gnu/7.3.0/../../..] ==> [/share/apps/compilers/gcc-7.3.0/lib]
  implicit libs: [stdc++;m;gcc_s;gcc;c;gcc_s;gcc]
  implicit dirs: [/share/apps/compilers/gcc-7.3.0/lib64;/share/apps/devel/cuda-9.1.85/lib64;/share/apps/compilers/gcc-7.3.0/lib/gcc/x86_64-pc-linux-gnu/7.3.0;/lib64;/usr/lib64;/share/apps/graphical/vtk-8.1.0/lib;/share/apps/devel/hdf5-1.8.20/lib;/share/apps/devel/cuda-9.1.85/samples/common/lib;/share/apps/devel/boost_1_66_0/lib;/share/apps/compilers/gcc-7.3.0/lib]
  implicit fwks: []




Detecting CXX [-std=c++1z] compiler features compiled with the following output:
Change Dir: /home/rolandas/Sphere/build/CMakeFiles/CMakeTmp

Run Build Command:"/usr/bin/gmake" "cmTC_6a7b8/fast"
/usr/bin/gmake -f CMakeFiles/cmTC_6a7b8.dir/build.make CMakeFiles/cmTC_6a7b8.dir/build
gmake[1]: Entering directory `/home/rolandas/Sphere/build/CMakeFiles/CMakeTmp'
Building CXX object CMakeFiles/cmTC_6a7b8.dir/feature_tests.cxx.o
/share/apps/compilers/gcc-7.3.0/bin/g++    -std=c++1z -o CMakeFiles/cmTC_6a7b8.dir/feature_tests.cxx.o -c /home/rolandas/Sphere/build/CMakeFiles/feature_tests.cxx
Linking CXX executable cmTC_6a7b8
/share/apps/compilers/cmake-3.10.3/bin/cmake -E cmake_link_script CMakeFiles/cmTC_6a7b8.dir/link.txt --verbose=1
/share/apps/compilers/gcc-7.3.0/bin/g++     -L/share/apps/compilers/gcc-7.3.0/lib64  -rdynamic CMakeFiles/cmTC_6a7b8.dir/feature_tests.cxx.o  -o cmTC_6a7b8 
gmake[1]: Leaving directory `/home/rolandas/Sphere/build/CMakeFiles/CMakeTmp'


    Feature record: CXX_FEATURE:1cxx_aggregate_default_initializers
    Feature record: CXX_FEATURE:1cxx_alias_templates
    Feature record: CXX_FEATURE:1cxx_alignas
    Feature record: CXX_FEATURE:1cxx_alignof
    Feature record: CXX_FEATURE:1cxx_attributes
    Feature record: CXX_FEATURE:1cxx_attribute_deprecated
    Feature record: CXX_FEATURE:1cxx_auto_type
    Feature record: CXX_FEATURE:1cxx_binary_literals
    Feature record: CXX_FEATURE:1cxx_constexpr
    Feature record: CXX_FEATURE:1cxx_contextual_conversions
    Feature record: CXX_FEATURE:1cxx_decltype
    Feature record: CXX_FEATURE:1cxx_decltype_auto
    Feature record: CXX_FEATURE:1cxx_decltype_incomplete_return_types
    Feature record: CXX_FEATURE:1cxx_default_function_template_args
    Feature record: CXX_FEATURE:1cxx_defaulted_functions
    Feature record: CXX_FEATURE:1cxx_defaulted_move_initializers
    Feature record: CXX_FEATURE:1cxx_delegating_constructors
    Feature record: CXX_FEATURE:1cxx_deleted_functions
    Feature record: CXX_FEATURE:1cxx_digit_separators
    Feature record: CXX_FEATURE:1cxx_enum_forward_declarations
    Feature record: CXX_FEATURE:1cxx_explicit_conversions
    Feature record: CXX_FEATURE:1cxx_extended_friend_declarations
    Feature record: CXX_FEATURE:1cxx_extern_templates
    Feature record: CXX_FEATURE:1cxx_final
    Feature record: CXX_FEATURE:1cxx_func_identifier
    Feature record: CXX_FEATURE:1cxx_generalized_initializers
    Feature record: CXX_FEATURE:1cxx_generic_lambdas
    Feature record: CXX_FEATURE:1cxx_inheriting_constructors
    Feature record: CXX_FEATURE:1cxx_inline_namespaces
    Feature record: CXX_FEATURE:1cxx_lambdas
    Feature record: CXX_FEATURE:1cxx_lambda_init_captures
    Feature record: CXX_FEATURE:1cxx_local_type_template_args
    Feature record: CXX_FEATURE:1cxx_long_long_type
    Feature record: CXX_FEATURE:1cxx_noexcept
    Feature record: CXX_FEATURE:1cxx_nonstatic_member_init
    Feature record: CXX_FEATURE:1cxx_nullptr
    Feature record: CXX_FEATURE:1cxx_override
    Feature record: CXX_FEATURE:1cxx_range_for
    Feature record: CXX_FEATURE:1cxx_raw_string_literals
    Feature record: CXX_FEATURE:1cxx_reference_qualified_functions
    Feature record: CXX_FEATURE:1cxx_relaxed_constexpr
    Feature record: CXX_FEATURE:1cxx_return_type_deduction
    Feature record: CXX_FEATURE:1cxx_right_angle_brackets
    Feature record: CXX_FEATURE:1cxx_rvalue_references
    Feature record: CXX_FEATURE:1cxx_sizeof_member
    Feature record: CXX_FEATURE:1cxx_static_assert
    Feature record: CXX_FEATURE:1cxx_strong_enums
    Feature record: CXX_FEATURE:1cxx_template_template_parameters
    Feature record: CXX_FEATURE:1cxx_thread_local
    Feature record: CXX_FEATURE:1cxx_trailing_return_types
    Feature record: CXX_FEATURE:1cxx_unicode_literals
    Feature record: CXX_FEATURE:1cxx_uniform_initialization
    Feature record: CXX_FEATURE:1cxx_unrestricted_unions
    Feature record: CXX_FEATURE:1cxx_user_literals
    Feature record: CXX_FEATURE:1cxx_variable_templates
    Feature record: CXX_FEATURE:1cxx_variadic_macros
    Feature record: CXX_FEATURE:1cxx_variadic_templates


Detecting CXX [-std=c++14] compiler features compiled with the following output:
Change Dir: /home/rolandas/Sphere/build/CMakeFiles/CMakeTmp

Run Build Command:"/usr/bin/gmake" "cmTC_0115b/fast"
/usr/bin/gmake -f CMakeFiles/cmTC_0115b.dir/build.make CMakeFiles/cmTC_0115b.dir/build
gmake[1]: Entering directory `/home/rolandas/Sphere/build/CMakeFiles/CMakeTmp'
Building CXX object CMakeFiles/cmTC_0115b.dir/feature_tests.cxx.o
/share/apps/compilers/gcc-7.3.0/bin/g++    -std=c++14 -o CMakeFiles/cmTC_0115b.dir/feature_tests.cxx.o -c /home/rolandas/Sphere/build/CMakeFiles/feature_tests.cxx
Linking CXX executable cmTC_0115b
/share/apps/compilers/cmake-3.10.3/bin/cmake -E cmake_link_script CMakeFiles/cmTC_0115b.dir/link.txt --verbose=1
/share/apps/compilers/gcc-7.3.0/bin/g++     -L/share/apps/compilers/gcc-7.3.0/lib64  -rdynamic CMakeFiles/cmTC_0115b.dir/feature_tests.cxx.o  -o cmTC_0115b 
gmake[1]: Leaving directory `/home/rolandas/Sphere/build/CMakeFiles/CMakeTmp'


    Feature record: CXX_FEATURE:1cxx_aggregate_default_initializers
    Feature record: CXX_FEATURE:1cxx_alias_templates
    Feature record: CXX_FEATURE:1cxx_alignas
    Feature record: CXX_FEATURE:1cxx_alignof
    Feature record: CXX_FEATURE:1cxx_attributes
    Feature record: CXX_FEATURE:1cxx_attribute_deprecated
    Feature record: CXX_FEATURE:1cxx_auto_type
    Feature record: CXX_FEATURE:1cxx_binary_literals
    Feature record: CXX_FEATURE:1cxx_constexpr
    Feature record: CXX_FEATURE:1cxx_contextual_conversions
    Feature record: CXX_FEATURE:1cxx_decltype
    Feature record: CXX_FEATURE:1cxx_decltype_auto
    Feature record: CXX_FEATURE:1cxx_decltype_incomplete_return_types
    Feature record: CXX_FEATURE:1cxx_default_function_template_args
    Feature record: CXX_FEATURE:1cxx_defaulted_functions
    Feature record: CXX_FEATURE:1cxx_defaulted_move_initializers
    Feature record: CXX_FEATURE:1cxx_delegating_constructors
    Feature record: CXX_FEATURE:1cxx_deleted_functions
    Feature record: CXX_FEATURE:1cxx_digit_separators
    Feature record: CXX_FEATURE:1cxx_enum_forward_declarations
    Feature record: CXX_FEATURE:1cxx_explicit_conversions
    Feature record: CXX_FEATURE:1cxx_extended_friend_declarations
    Feature record: CXX_FEATURE:1cxx_extern_templates
    Feature record: CXX_FEATURE:1cxx_final
    Feature record: CXX_FEATURE:1cxx_func_identifier
    Feature record: CXX_FEATURE:1cxx_generalized_initializers
    Feature record: CXX_FEATURE:1cxx_generic_lambdas
    Feature record: CXX_FEATURE:1cxx_inheriting_constructors
    Feature record: CXX_FEATURE:1cxx_inline_namespaces
    Feature record: CXX_FEATURE:1cxx_lambdas
    Feature record: CXX_FEATURE:1cxx_lambda_init_captures
    Feature record: CXX_FEATURE:1cxx_local_type_template_args
    Feature record: CXX_FEATURE:1cxx_long_long_type
    Feature record: CXX_FEATURE:1cxx_noexcept
    Feature record: CXX_FEATURE:1cxx_nonstatic_member_init
    Feature record: CXX_FEATURE:1cxx_nullptr
    Feature record: CXX_FEATURE:1cxx_override
    Feature record: CXX_FEATURE:1cxx_range_for
    Feature record: CXX_FEATURE:1cxx_raw_string_literals
    Feature record: CXX_FEATURE:1cxx_reference_qualified_functions
    Feature record: CXX_FEATURE:1cxx_relaxed_constexpr
    Feature record: CXX_FEATURE:1cxx_return_type_deduction
    Feature record: CXX_FEATURE:1cxx_right_angle_brackets
    Feature record: CXX_FEATURE:1cxx_rvalue_references
    Feature record: CXX_FEATURE:1cxx_sizeof_member
    Feature record: CXX_FEATURE:1cxx_static_assert
    Feature record: CXX_FEATURE:1cxx_strong_enums
    Feature record: CXX_FEATURE:1cxx_template_template_parameters
    Feature record: CXX_FEATURE:1cxx_thread_local
    Feature record: CXX_FEATURE:1cxx_trailing_return_types
    Feature record: CXX_FEATURE:1cxx_unicode_literals
    Feature record: CXX_FEATURE:1cxx_uniform_initialization
    Feature record: CXX_FEATURE:1cxx_unrestricted_unions
    Feature record: CXX_FEATURE:1cxx_user_literals
    Feature record: CXX_FEATURE:1cxx_variable_templates
    Feature record: CXX_FEATURE:1cxx_variadic_macros
    Feature record: CXX_FEATURE:1cxx_variadic_templates


Detecting CXX [-std=c++11] compiler features compiled with the following output:
Change Dir: /home/rolandas/Sphere/build/CMakeFiles/CMakeTmp

Run Build Command:"/usr/bin/gmake" "cmTC_bd779/fast"
/usr/bin/gmake -f CMakeFiles/cmTC_bd779.dir/build.make CMakeFiles/cmTC_bd779.dir/build
gmake[1]: Entering directory `/home/rolandas/Sphere/build/CMakeFiles/CMakeTmp'
Building CXX object CMakeFiles/cmTC_bd779.dir/feature_tests.cxx.o
/share/apps/compilers/gcc-7.3.0/bin/g++    -std=c++11 -o CMakeFiles/cmTC_bd779.dir/feature_tests.cxx.o -c /home/rolandas/Sphere/build/CMakeFiles/feature_tests.cxx
Linking CXX executable cmTC_bd779
/share/apps/compilers/cmake-3.10.3/bin/cmake -E cmake_link_script CMakeFiles/cmTC_bd779.dir/link.txt --verbose=1
/share/apps/compilers/gcc-7.3.0/bin/g++     -L/share/apps/compilers/gcc-7.3.0/lib64  -rdynamic CMakeFiles/cmTC_bd779.dir/feature_tests.cxx.o  -o cmTC_bd779 
gmake[1]: Leaving directory `/home/rolandas/Sphere/build/CMakeFiles/CMakeTmp'


    Feature record: CXX_FEATURE:0cxx_aggregate_default_initializers
    Feature record: CXX_FEATURE:1cxx_alias_templates
    Feature record: CXX_FEATURE:1cxx_alignas
    Feature record: CXX_FEATURE:1cxx_alignof
    Feature record: CXX_FEATURE:1cxx_attributes
    Feature record: CXX_FEATURE:0cxx_attribute_deprecated
    Feature record: CXX_FEATURE:1cxx_auto_type
    Feature record: CXX_FEATURE:0cxx_binary_literals
    Feature record: CXX_FEATURE:1cxx_constexpr
    Feature record: CXX_FEATURE:0cxx_contextual_conversions
    Feature record: CXX_FEATURE:1cxx_decltype
    Feature record: CXX_FEATURE:0cxx_decltype_auto
    Feature record: CXX_FEATURE:1cxx_decltype_incomplete_return_types
    Feature record: CXX_FEATURE:1cxx_default_function_template_args
    Feature record: CXX_FEATURE:1cxx_defaulted_functions
    Feature record: CXX_FEATURE:1cxx_defaulted_move_initializers
    Feature record: CXX_FEATURE:1cxx_delegating_constructors
    Feature record: CXX_FEATURE:1cxx_deleted_functions
    Feature record: CXX_FEATURE:0cxx_digit_separators
    Feature record: CXX_FEATURE:1cxx_enum_forward_declarations
    Feature record: CXX_FEATURE:1cxx_explicit_conversions
    Feature record: CXX_FEATURE:1cxx_extended_friend_declarations
    Feature record: CXX_FEATURE:1cxx_extern_templates
    Feature record: CXX_FEATURE:1cxx_final
    Feature record: CXX_FEATURE:1cxx_func_identifier
    Feature record: CXX_FEATURE:1cxx_generalized_initializers
    Feature record: CXX_FEATURE:0cxx_generic_lambdas
    Feature record: CXX_FEATURE:1cxx_inheriting_constructors
    Feature record: CXX_FEATURE:1cxx_inline_namespaces
    Feature record: CXX_FEATURE:1cxx_lambdas
    Feature record: CXX_FEATURE:0cxx_lambda_init_captures
    Feature record: CXX_FEATURE:1cxx_local_type_template_args
    Feature record: CXX_FEATURE:1cxx_long_long_type
    Feature record: CXX_FEATURE:1cxx_noexcept
    Feature record: CXX_FEATURE:1cxx_nonstatic_member_init
    Feature record: CXX_FEATURE:1cxx_nullptr
    Feature record: CXX_FEATURE:1cxx_override
    Feature record: CXX_FEATURE:1cxx_range_for
    Feature record: CXX_FEATURE:1cxx_raw_string_literals
    Feature record: CXX_FEATURE:1cxx_reference_qualified_functions
    Feature record: CXX_FEATURE:0cxx_relaxed_constexpr
    Feature record: CXX_FEATURE:0cxx_return_type_deduction
    Feature record: CXX_FEATURE:1cxx_right_angle_brackets
    Feature record: CXX_FEATURE:1cxx_rvalue_references
    Feature record: CXX_FEATURE:1cxx_sizeof_member
    Feature record: CXX_FEATURE:1cxx_static_assert
    Feature record: CXX_FEATURE:1cxx_strong_enums
    Feature record: CXX_FEATURE:1cxx_template_template_parameters
    Feature record: CXX_FEATURE:1cxx_thread_local
    Feature record: CXX_FEATURE:1cxx_trailing_return_types
    Feature record: CXX_FEATURE:1cxx_unicode_literals
    Feature record: CXX_FEATURE:1cxx_uniform_initialization
    Feature record: CXX_FEATURE:1cxx_unrestricted_unions
    Feature record: CXX_FEATURE:1cxx_user_literals
    Feature record: CXX_FEATURE:0cxx_variable_templates
    Feature record: CXX_FEATURE:1cxx_variadic_macros
    Feature record: CXX_FEATURE:1cxx_variadic_templates


Detecting CXX [-std=c++98] compiler features compiled with the following output:
Change Dir: /home/rolandas/Sphere/build/CMakeFiles/CMakeTmp

Run Build Command:"/usr/bin/gmake" "cmTC_a305b/fast"
/usr/bin/gmake -f CMakeFiles/cmTC_a305b.dir/build.make CMakeFiles/cmTC_a305b.dir/build
gmake[1]: Entering directory `/home/rolandas/Sphere/build/CMakeFiles/CMakeTmp'
Building CXX object CMakeFiles/cmTC_a305b.dir/feature_tests.cxx.o
/share/apps/compilers/gcc-7.3.0/bin/g++    -std=c++98 -o CMakeFiles/cmTC_a305b.dir/feature_tests.cxx.o -c /home/rolandas/Sphere/build/CMakeFiles/feature_tests.cxx
Linking CXX executable cmTC_a305b
/share/apps/compilers/cmake-3.10.3/bin/cmake -E cmake_link_script CMakeFiles/cmTC_a305b.dir/link.txt --verbose=1
/share/apps/compilers/gcc-7.3.0/bin/g++     -L/share/apps/compilers/gcc-7.3.0/lib64  -rdynamic CMakeFiles/cmTC_a305b.dir/feature_tests.cxx.o  -o cmTC_a305b 
gmake[1]: Leaving directory `/home/rolandas/Sphere/build/CMakeFiles/CMakeTmp'


    Feature record: CXX_FEATURE:0cxx_aggregate_default_initializers
    Feature record: CXX_FEATURE:0cxx_alias_templates
    Feature record: CXX_FEATURE:0cxx_alignas
    Feature record: CXX_FEATURE:0cxx_alignof
    Feature record: CXX_FEATURE:0cxx_attributes
    Feature record: CXX_FEATURE:0cxx_attribute_deprecated
    Feature record: CXX_FEATURE:0cxx_auto_type
    Feature record: CXX_FEATURE:0cxx_binary_literals
    Feature record: CXX_FEATURE:0cxx_constexpr
    Feature record: CXX_FEATURE:0cxx_contextual_conversions
    Feature record: CXX_FEATURE:0cxx_decltype
    Feature record: CXX_FEATURE:0cxx_decltype_auto
    Feature record: CXX_FEATURE:0cxx_decltype_incomplete_return_types
    Feature record: CXX_FEATURE:0cxx_default_function_template_args
    Feature record: CXX_FEATURE:0cxx_defaulted_functions
    Feature record: CXX_FEATURE:0cxx_defaulted_move_initializers
    Feature record: CXX_FEATURE:0cxx_delegating_constructors
    Feature record: CXX_FEATURE:0cxx_deleted_functions
    Feature record: CXX_FEATURE:0cxx_digit_separators
    Feature record: CXX_FEATURE:0cxx_enum_forward_declarations
    Feature record: CXX_FEATURE:0cxx_explicit_conversions
    Feature record: CXX_FEATURE:0cxx_extended_friend_declarations
    Feature record: CXX_FEATURE:0cxx_extern_templates
    Feature record: CXX_FEATURE:0cxx_final
    Feature record: CXX_FEATURE:0cxx_func_identifier
    Feature record: CXX_FEATURE:0cxx_generalized_initializers
    Feature record: CXX_FEATURE:0cxx_generic_lambdas
    Feature record: CXX_FEATURE:0cxx_inheriting_constructors
    Feature record: CXX_FEATURE:0cxx_inline_namespaces
    Feature record: CXX_FEATURE:0cxx_lambdas
    Feature record: CXX_FEATURE:0cxx_lambda_init_captures
    Feature record: CXX_FEATURE:0cxx_local_type_template_args
    Feature record: CXX_FEATURE:0cxx_long_long_type
    Feature record: CXX_FEATURE:0cxx_noexcept
    Feature record: CXX_FEATURE:0cxx_nonstatic_member_init
    Feature record: CXX_FEATURE:0cxx_nullptr
    Feature record: CXX_FEATURE:0cxx_override
    Feature record: CXX_FEATURE:0cxx_range_for
    Feature record: CXX_FEATURE:0cxx_raw_string_literals
    Feature record: CXX_FEATURE:0cxx_reference_qualified_functions
    Feature record: CXX_FEATURE:0cxx_relaxed_constexpr
    Feature record: CXX_FEATURE:0cxx_return_type_deduction
    Feature record: CXX_FEATURE:0cxx_right_angle_brackets
    Feature record: CXX_FEATURE:0cxx_rvalue_references
    Feature record: CXX_FEATURE:0cxx_sizeof_member
    Feature record: CXX_FEATURE:0cxx_static_assert
    Feature record: CXX_FEATURE:0cxx_strong_enums
    Feature record: CXX_FEATURE:1cxx_template_template_parameters
    Feature record: CXX_FEATURE:0cxx_thread_local
    Feature record: CXX_FEATURE:0cxx_trailing_return_types
    Feature record: CXX_FEATURE:0cxx_unicode_literals
    Feature record: CXX_FEATURE:0cxx_uniform_initialization
    Feature record: CXX_FEATURE:0cxx_unrestricted_unions
    Feature record: CXX_FEATURE:0cxx_user_literals
    Feature record: CXX_FEATURE:0cxx_variable_templates
    Feature record: CXX_FEATURE:0cxx_variadic_macros
    Feature record: CXX_FEATURE:0cxx_variadic_templates
Determining if the include file pthread.h exists passed with the following output:
Change Dir: /home/rolandas/Sphere/build/CMakeFiles/CMakeTmp

Run Build Command:"/usr/bin/gmake" "cmTC_0201d/fast"
gmake[1]: Entering directory `/home/rolandas/Sphere/build/CMakeFiles/CMakeTmp'
/usr/bin/gmake -f CMakeFiles/cmTC_0201d.dir/build.make CMakeFiles/cmTC_0201d.dir/build
gmake[2]: Entering directory `/home/rolandas/Sphere/build/CMakeFiles/CMakeTmp'
Building C object CMakeFiles/cmTC_0201d.dir/CheckIncludeFile.c.o
/share/apps/compilers/gcc-7.3.0/bin/gcc   -I/share/apps/compilers/gcc-7.3.0/include    -o CMakeFiles/cmTC_0201d.dir/CheckIncludeFile.c.o   -c /home/rolandas/Sphere/build/CMakeFiles/CMakeTmp/CheckIncludeFile.c
Linking C executable cmTC_0201d
/share/apps/compilers/cmake-3.10.3/bin/cmake -E cmake_link_script CMakeFiles/cmTC_0201d.dir/link.txt --verbose=1
/share/apps/compilers/gcc-7.3.0/bin/gcc -I/share/apps/compilers/gcc-7.3.0/include   -L/share/apps/compilers/gcc-7.3.0/lib64  -rdynamic CMakeFiles/cmTC_0201d.dir/CheckIncludeFile.c.o  -o cmTC_0201d 
gmake[2]: Leaving directory `/home/rolandas/Sphere/build/CMakeFiles/CMakeTmp'
gmake[1]: Leaving directory `/home/rolandas/Sphere/build/CMakeFiles/CMakeTmp'


Determining if the function pthread_create exists in the pthread passed with the following output:
Change Dir: /home/rolandas/Sphere/build/CMakeFiles/CMakeTmp

Run Build Command:"/usr/bin/gmake" "cmTC_c4d72/fast"
gmake[1]: Entering directory `/home/rolandas/Sphere/build/CMakeFiles/CMakeTmp'
/usr/bin/gmake -f CMakeFiles/cmTC_c4d72.dir/build.make CMakeFiles/cmTC_c4d72.dir/build
gmake[2]: Entering directory `/home/rolandas/Sphere/build/CMakeFiles/CMakeTmp'
Building C object CMakeFiles/cmTC_c4d72.dir/CheckFunctionExists.c.o
/share/apps/compilers/gcc-7.3.0/bin/gcc   -I/share/apps/compilers/gcc-7.3.0/include -DCHECK_FUNCTION_EXISTS=pthread_create   -o CMakeFiles/cmTC_c4d72.dir/CheckFunctionExists.c.o   -c /share/apps/compilers/cmake-3.10.3/share/cmake-3.10/Modules/CheckFunctionExists.c
Linking C executable cmTC_c4d72
/share/apps/compilers/cmake-3.10.3/bin/cmake -E cmake_link_script CMakeFiles/cmTC_c4d72.dir/link.txt --verbose=1
/share/apps/compilers/gcc-7.3.0/bin/gcc -I/share/apps/compilers/gcc-7.3.0/include -DCHECK_FUNCTION_EXISTS=pthread_create  -L/share/apps/compilers/gcc-7.3.0/lib64  -rdynamic CMakeFiles/cmTC_c4d72.dir/CheckFunctionExists.c.o  -o cmTC_c4d72 -lpthread 
gmake[2]: Leaving directory `/home/rolandas/Sphere/build/CMakeFiles/CMakeTmp'
gmake[1]: Leaving directory `/home/rolandas/Sphere/build/CMakeFiles/CMakeTmp'


