Determining if the pthread_create exist failed with the following output:
Change Dir: /home/rolandas/build-Daleliu_Pakavimas-Desktop-Default/CMakeFiles/CMakeTmp

Run Build Command:"/usr/bin/make" "cmTC_1e87c/fast"
/usr/bin/make -f CMakeFiles/cmTC_1e87c.dir/build.make CMakeFiles/cmTC_1e87c.dir/build
make[1]: Entering directory '/home/rolandas/build-Daleliu_Pakavimas-Desktop-Default/CMakeFiles/CMakeTmp'
Building C object CMakeFiles/cmTC_1e87c.dir/CheckSymbolExists.c.o
/usr/bin/gcc    -o CMakeFiles/cmTC_1e87c.dir/CheckSymbolExists.c.o   -c /home/rolandas/build-Daleliu_Pakavimas-Desktop-Default/CMakeFiles/CMakeTmp/CheckSymbolExists.c
Linking C executable cmTC_1e87c
/usr/bin/cmake -E cmake_link_script CMakeFiles/cmTC_1e87c.dir/link.txt --verbose=1
/usr/bin/gcc      -rdynamic CMakeFiles/cmTC_1e87c.dir/CheckSymbolExists.c.o  -o cmTC_1e87c 
CMakeFiles/cmTC_1e87c.dir/CheckSymbolExists.c.o: In function `main':
CheckSymbolExists.c:(.text+0x1b): undefined reference to `pthread_create'
collect2: error: ld returned 1 exit status
CMakeFiles/cmTC_1e87c.dir/build.make:97: recipe for target 'cmTC_1e87c' failed
make[1]: *** [cmTC_1e87c] Error 1
make[1]: Leaving directory '/home/rolandas/build-Daleliu_Pakavimas-Desktop-Default/CMakeFiles/CMakeTmp'
Makefile:126: recipe for target 'cmTC_1e87c/fast' failed
make: *** [cmTC_1e87c/fast] Error 2

File /home/rolandas/build-Daleliu_Pakavimas-Desktop-Default/CMakeFiles/CMakeTmp/CheckSymbolExists.c:
/* */
#include <pthread.h>

int main(int argc, char** argv)
{
  (void)argv;
#ifndef pthread_create
  return ((int*)(&pthread_create))[argc];
#else
  (void)argc;
  return 0;
#endif
}

Determining if the function pthread_create exists in the pthreads failed with the following output:
Change Dir: /home/rolandas/build-Daleliu_Pakavimas-Desktop-Default/CMakeFiles/CMakeTmp

Run Build Command:"/usr/bin/make" "cmTC_f59aa/fast"
/usr/bin/make -f CMakeFiles/cmTC_f59aa.dir/build.make CMakeFiles/cmTC_f59aa.dir/build
make[1]: Entering directory '/home/rolandas/build-Daleliu_Pakavimas-Desktop-Default/CMakeFiles/CMakeTmp'
Building C object CMakeFiles/cmTC_f59aa.dir/CheckFunctionExists.c.o
/usr/bin/gcc   -DCHECK_FUNCTION_EXISTS=pthread_create   -o CMakeFiles/cmTC_f59aa.dir/CheckFunctionExists.c.o   -c /usr/share/cmake-3.10/Modules/CheckFunctionExists.c
Linking C executable cmTC_f59aa
/usr/bin/cmake -E cmake_link_script CMakeFiles/cmTC_f59aa.dir/link.txt --verbose=1
/usr/bin/gcc  -DCHECK_FUNCTION_EXISTS=pthread_create    -rdynamic CMakeFiles/cmTC_f59aa.dir/CheckFunctionExists.c.o  -o cmTC_f59aa -lpthreads 
/usr/bin/ld: cannot find -lpthreads
collect2: error: ld returned 1 exit status
CMakeFiles/cmTC_f59aa.dir/build.make:97: recipe for target 'cmTC_f59aa' failed
make[1]: *** [cmTC_f59aa] Error 1
make[1]: Leaving directory '/home/rolandas/build-Daleliu_Pakavimas-Desktop-Default/CMakeFiles/CMakeTmp'
Makefile:126: recipe for target 'cmTC_f59aa/fast' failed
make: *** [cmTC_f59aa/fast] Error 2


