Determining if the pthread_create exist failed with the following output:
Change Dir: /home/rolandas/CountingSort/CMakeFiles/CMakeTmp

Run Build Command:"/usr/bin/gmake" "cmTC_5722b/fast"
/usr/bin/gmake -f CMakeFiles/cmTC_5722b.dir/build.make CMakeFiles/cmTC_5722b.dir/build
gmake[1]: Entering directory `/home/rolandas/CountingSort/CMakeFiles/CMakeTmp'
Building C object CMakeFiles/cmTC_5722b.dir/CheckSymbolExists.c.o
/share/apps/compilers/gcc-7.3.0/bin/gcc   -I/share/apps/compilers/gcc-7.3.0/include    -o CMakeFiles/cmTC_5722b.dir/CheckSymbolExists.c.o   -c /home/rolandas/CountingSort/CMakeFiles/CMakeTmp/CheckSymbolExists.c
Linking C executable cmTC_5722b
/share/apps/compilers/cmake-3.10.3/bin/cmake -E cmake_link_script CMakeFiles/cmTC_5722b.dir/link.txt --verbose=1
/share/apps/compilers/gcc-7.3.0/bin/gcc -I/share/apps/compilers/gcc-7.3.0/include   -L/share/apps/compilers/gcc-7.3.0/lib64  -rdynamic CMakeFiles/cmTC_5722b.dir/CheckSymbolExists.c.o  -o cmTC_5722b 
CMakeFiles/cmTC_5722b.dir/CheckSymbolExists.c.o: In function `main':
CheckSymbolExists.c:(.text+0x16): undefined reference to `pthread_create'
collect2: error: ld returned 1 exit status
gmake[1]: *** [cmTC_5722b] Error 1
gmake[1]: Leaving directory `/home/rolandas/CountingSort/CMakeFiles/CMakeTmp'
gmake: *** [cmTC_5722b/fast] Error 2

File /home/rolandas/CountingSort/CMakeFiles/CMakeTmp/CheckSymbolExists.c:
/* */
#include <pthread.h>

int main(int argc, char** argv)
{
  (void)argv;
#ifndef pthread_create
  return ((int*)(&pthread_create))[argc];
#else
  (void)argc;
  return 0;
#endif
}

Determining if the function pthread_create exists in the pthreads failed with the following output:
Change Dir: /home/rolandas/CountingSort/CMakeFiles/CMakeTmp

Run Build Command:"/usr/bin/gmake" "cmTC_dc34b/fast"
/usr/bin/gmake -f CMakeFiles/cmTC_dc34b.dir/build.make CMakeFiles/cmTC_dc34b.dir/build
gmake[1]: Entering directory `/home/rolandas/CountingSort/CMakeFiles/CMakeTmp'
Building C object CMakeFiles/cmTC_dc34b.dir/CheckFunctionExists.c.o
/share/apps/compilers/gcc-7.3.0/bin/gcc   -I/share/apps/compilers/gcc-7.3.0/include -DCHECK_FUNCTION_EXISTS=pthread_create   -o CMakeFiles/cmTC_dc34b.dir/CheckFunctionExists.c.o   -c /share/apps/compilers/cmake-3.10.3/share/cmake-3.10/Modules/CheckFunctionExists.c
Linking C executable cmTC_dc34b
/share/apps/compilers/cmake-3.10.3/bin/cmake -E cmake_link_script CMakeFiles/cmTC_dc34b.dir/link.txt --verbose=1
/share/apps/compilers/gcc-7.3.0/bin/gcc -I/share/apps/compilers/gcc-7.3.0/include -DCHECK_FUNCTION_EXISTS=pthread_create  -L/share/apps/compilers/gcc-7.3.0/lib64  -rdynamic CMakeFiles/cmTC_dc34b.dir/CheckFunctionExists.c.o  -o cmTC_dc34b -lpthreads 
/usr/bin/ld: cannot find -lpthreads
collect2: error: ld returned 1 exit status
gmake[1]: *** [cmTC_dc34b] Error 1
gmake[1]: Leaving directory `/home/rolandas/CountingSort/CMakeFiles/CMakeTmp'
gmake: *** [cmTC_dc34b/fast] Error 2


Determining if the CL_VERSION_2_2 exist failed with the following output:
Change Dir: /home/rolandas/CountingSort/CMakeFiles/CMakeTmp

Run Build Command:"/usr/bin/gmake" "cmTC_54627/fast"
/usr/bin/gmake -f CMakeFiles/cmTC_54627.dir/build.make CMakeFiles/cmTC_54627.dir/build
gmake[1]: Entering directory `/home/rolandas/CountingSort/CMakeFiles/CMakeTmp'
Building C object CMakeFiles/cmTC_54627.dir/CheckSymbolExists.c.o
/share/apps/compilers/gcc-7.3.0/bin/gcc   -I/share/apps/compilers/gcc-7.3.0/include     -o CMakeFiles/cmTC_54627.dir/CheckSymbolExists.c.o   -c /home/rolandas/CountingSort/CMakeFiles/CMakeTmp/CheckSymbolExists.c
/home/rolandas/CountingSort/CMakeFiles/CMakeTmp/CheckSymbolExists.c:2:10: fatal error: OpenCL_INCLUDE_DIR-NOTFOUND/CL/cl.h: No such file or directory
 #include <OpenCL_INCLUDE_DIR-NOTFOUND/CL/cl.h>
          ^~~~~~~~~~~~~~~~~~~~~~~~~~~~~~~~~~~~~
compilation terminated.
gmake[1]: *** [CMakeFiles/cmTC_54627.dir/CheckSymbolExists.c.o] Error 1
gmake[1]: Leaving directory `/home/rolandas/CountingSort/CMakeFiles/CMakeTmp'
gmake: *** [cmTC_54627/fast] Error 2

File /home/rolandas/CountingSort/CMakeFiles/CMakeTmp/CheckSymbolExists.c:
/* */
#include <OpenCL_INCLUDE_DIR-NOTFOUND/CL/cl.h>

int main(int argc, char** argv)
{
  (void)argv;
#ifndef CL_VERSION_2_2
  return ((int*)(&CL_VERSION_2_2))[argc];
#else
  (void)argc;
  return 0;
#endif
}

Determining if the CL_VERSION_2_1 exist failed with the following output:
Change Dir: /home/rolandas/CountingSort/CMakeFiles/CMakeTmp

Run Build Command:"/usr/bin/gmake" "cmTC_a6c86/fast"
/usr/bin/gmake -f CMakeFiles/cmTC_a6c86.dir/build.make CMakeFiles/cmTC_a6c86.dir/build
gmake[1]: Entering directory `/home/rolandas/CountingSort/CMakeFiles/CMakeTmp'
Building C object CMakeFiles/cmTC_a6c86.dir/CheckSymbolExists.c.o
/share/apps/compilers/gcc-7.3.0/bin/gcc   -I/share/apps/compilers/gcc-7.3.0/include     -o CMakeFiles/cmTC_a6c86.dir/CheckSymbolExists.c.o   -c /home/rolandas/CountingSort/CMakeFiles/CMakeTmp/CheckSymbolExists.c
/home/rolandas/CountingSort/CMakeFiles/CMakeTmp/CheckSymbolExists.c:2:10: fatal error: OpenCL_INCLUDE_DIR-NOTFOUND/CL/cl.h: No such file or directory
 #include <OpenCL_INCLUDE_DIR-NOTFOUND/CL/cl.h>
          ^~~~~~~~~~~~~~~~~~~~~~~~~~~~~~~~~~~~~
compilation terminated.
gmake[1]: *** [CMakeFiles/cmTC_a6c86.dir/CheckSymbolExists.c.o] Error 1
gmake[1]: Leaving directory `/home/rolandas/CountingSort/CMakeFiles/CMakeTmp'
gmake: *** [cmTC_a6c86/fast] Error 2

File /home/rolandas/CountingSort/CMakeFiles/CMakeTmp/CheckSymbolExists.c:
/* */
#include <OpenCL_INCLUDE_DIR-NOTFOUND/CL/cl.h>

int main(int argc, char** argv)
{
  (void)argv;
#ifndef CL_VERSION_2_1
  return ((int*)(&CL_VERSION_2_1))[argc];
#else
  (void)argc;
  return 0;
#endif
}

Determining if the CL_VERSION_2_0 exist failed with the following output:
Change Dir: /home/rolandas/CountingSort/CMakeFiles/CMakeTmp

Run Build Command:"/usr/bin/gmake" "cmTC_6e0aa/fast"
/usr/bin/gmake -f CMakeFiles/cmTC_6e0aa.dir/build.make CMakeFiles/cmTC_6e0aa.dir/build
gmake[1]: Entering directory `/home/rolandas/CountingSort/CMakeFiles/CMakeTmp'
Building C object CMakeFiles/cmTC_6e0aa.dir/CheckSymbolExists.c.o
/share/apps/compilers/gcc-7.3.0/bin/gcc   -I/share/apps/compilers/gcc-7.3.0/include     -o CMakeFiles/cmTC_6e0aa.dir/CheckSymbolExists.c.o   -c /home/rolandas/CountingSort/CMakeFiles/CMakeTmp/CheckSymbolExists.c
/home/rolandas/CountingSort/CMakeFiles/CMakeTmp/CheckSymbolExists.c:2:10: fatal error: OpenCL_INCLUDE_DIR-NOTFOUND/CL/cl.h: No such file or directory
 #include <OpenCL_INCLUDE_DIR-NOTFOUND/CL/cl.h>
          ^~~~~~~~~~~~~~~~~~~~~~~~~~~~~~~~~~~~~
compilation terminated.
gmake[1]: *** [CMakeFiles/cmTC_6e0aa.dir/CheckSymbolExists.c.o] Error 1
gmake[1]: Leaving directory `/home/rolandas/CountingSort/CMakeFiles/CMakeTmp'
gmake: *** [cmTC_6e0aa/fast] Error 2

File /home/rolandas/CountingSort/CMakeFiles/CMakeTmp/CheckSymbolExists.c:
/* */
#include <OpenCL_INCLUDE_DIR-NOTFOUND/CL/cl.h>

int main(int argc, char** argv)
{
  (void)argv;
#ifndef CL_VERSION_2_0
  return ((int*)(&CL_VERSION_2_0))[argc];
#else
  (void)argc;
  return 0;
#endif
}

Determining if the CL_VERSION_1_2 exist failed with the following output:
Change Dir: /home/rolandas/CountingSort/CMakeFiles/CMakeTmp

Run Build Command:"/usr/bin/gmake" "cmTC_150fa/fast"
/usr/bin/gmake -f CMakeFiles/cmTC_150fa.dir/build.make CMakeFiles/cmTC_150fa.dir/build
gmake[1]: Entering directory `/home/rolandas/CountingSort/CMakeFiles/CMakeTmp'
Building C object CMakeFiles/cmTC_150fa.dir/CheckSymbolExists.c.o
/share/apps/compilers/gcc-7.3.0/bin/gcc   -I/share/apps/compilers/gcc-7.3.0/include     -o CMakeFiles/cmTC_150fa.dir/CheckSymbolExists.c.o   -c /home/rolandas/CountingSort/CMakeFiles/CMakeTmp/CheckSymbolExists.c
/home/rolandas/CountingSort/CMakeFiles/CMakeTmp/CheckSymbolExists.c:2:10: fatal error: OpenCL_INCLUDE_DIR-NOTFOUND/CL/cl.h: No such file or directory
 #include <OpenCL_INCLUDE_DIR-NOTFOUND/CL/cl.h>
          ^~~~~~~~~~~~~~~~~~~~~~~~~~~~~~~~~~~~~
compilation terminated.
gmake[1]: *** [CMakeFiles/cmTC_150fa.dir/CheckSymbolExists.c.o] Error 1
gmake[1]: Leaving directory `/home/rolandas/CountingSort/CMakeFiles/CMakeTmp'
gmake: *** [cmTC_150fa/fast] Error 2

File /home/rolandas/CountingSort/CMakeFiles/CMakeTmp/CheckSymbolExists.c:
/* */
#include <OpenCL_INCLUDE_DIR-NOTFOUND/CL/cl.h>

int main(int argc, char** argv)
{
  (void)argv;
#ifndef CL_VERSION_1_2
  return ((int*)(&CL_VERSION_1_2))[argc];
#else
  (void)argc;
  return 0;
#endif
}

Determining if the CL_VERSION_1_1 exist failed with the following output:
Change Dir: /home/rolandas/CountingSort/CMakeFiles/CMakeTmp

Run Build Command:"/usr/bin/gmake" "cmTC_ccd45/fast"
/usr/bin/gmake -f CMakeFiles/cmTC_ccd45.dir/build.make CMakeFiles/cmTC_ccd45.dir/build
gmake[1]: Entering directory `/home/rolandas/CountingSort/CMakeFiles/CMakeTmp'
Building C object CMakeFiles/cmTC_ccd45.dir/CheckSymbolExists.c.o
/share/apps/compilers/gcc-7.3.0/bin/gcc   -I/share/apps/compilers/gcc-7.3.0/include     -o CMakeFiles/cmTC_ccd45.dir/CheckSymbolExists.c.o   -c /home/rolandas/CountingSort/CMakeFiles/CMakeTmp/CheckSymbolExists.c
/home/rolandas/CountingSort/CMakeFiles/CMakeTmp/CheckSymbolExists.c:2:10: fatal error: OpenCL_INCLUDE_DIR-NOTFOUND/CL/cl.h: No such file or directory
 #include <OpenCL_INCLUDE_DIR-NOTFOUND/CL/cl.h>
          ^~~~~~~~~~~~~~~~~~~~~~~~~~~~~~~~~~~~~
compilation terminated.
gmake[1]: *** [CMakeFiles/cmTC_ccd45.dir/CheckSymbolExists.c.o] Error 1
gmake[1]: Leaving directory `/home/rolandas/CountingSort/CMakeFiles/CMakeTmp'
gmake: *** [cmTC_ccd45/fast] Error 2

File /home/rolandas/CountingSort/CMakeFiles/CMakeTmp/CheckSymbolExists.c:
/* */
#include <OpenCL_INCLUDE_DIR-NOTFOUND/CL/cl.h>

int main(int argc, char** argv)
{
  (void)argv;
#ifndef CL_VERSION_1_1
  return ((int*)(&CL_VERSION_1_1))[argc];
#else
  (void)argc;
  return 0;
#endif
}

Determining if the CL_VERSION_1_0 exist failed with the following output:
Change Dir: /home/rolandas/CountingSort/CMakeFiles/CMakeTmp

Run Build Command:"/usr/bin/gmake" "cmTC_59b15/fast"
/usr/bin/gmake -f CMakeFiles/cmTC_59b15.dir/build.make CMakeFiles/cmTC_59b15.dir/build
gmake[1]: Entering directory `/home/rolandas/CountingSort/CMakeFiles/CMakeTmp'
Building C object CMakeFiles/cmTC_59b15.dir/CheckSymbolExists.c.o
/share/apps/compilers/gcc-7.3.0/bin/gcc   -I/share/apps/compilers/gcc-7.3.0/include     -o CMakeFiles/cmTC_59b15.dir/CheckSymbolExists.c.o   -c /home/rolandas/CountingSort/CMakeFiles/CMakeTmp/CheckSymbolExists.c
/home/rolandas/CountingSort/CMakeFiles/CMakeTmp/CheckSymbolExists.c:2:10: fatal error: OpenCL_INCLUDE_DIR-NOTFOUND/CL/cl.h: No such file or directory
 #include <OpenCL_INCLUDE_DIR-NOTFOUND/CL/cl.h>
          ^~~~~~~~~~~~~~~~~~~~~~~~~~~~~~~~~~~~~
compilation terminated.
gmake[1]: *** [CMakeFiles/cmTC_59b15.dir/CheckSymbolExists.c.o] Error 1
gmake[1]: Leaving directory `/home/rolandas/CountingSort/CMakeFiles/CMakeTmp'
gmake: *** [cmTC_59b15/fast] Error 2

File /home/rolandas/CountingSort/CMakeFiles/CMakeTmp/CheckSymbolExists.c:
/* */
#include <OpenCL_INCLUDE_DIR-NOTFOUND/CL/cl.h>

int main(int argc, char** argv)
{
  (void)argv;
#ifndef CL_VERSION_1_0
  return ((int*)(&CL_VERSION_1_0))[argc];
#else
  (void)argc;
  return 0;
#endif
}

Determining if the pthread_create exist failed with the following output:
Change Dir: /home/rolandas/CountingSort/CMakeFiles/CMakeTmp

Run Build Command:"/usr/bin/gmake" "cmTC_8843e/fast"
/usr/bin/gmake -f CMakeFiles/cmTC_8843e.dir/build.make CMakeFiles/cmTC_8843e.dir/build
gmake[1]: Entering directory `/home/rolandas/CountingSort/CMakeFiles/CMakeTmp'
Building C object CMakeFiles/cmTC_8843e.dir/CheckSymbolExists.c.o
/share/apps/compilers/gcc-7.3.0/bin/gcc   -I/share/apps/compilers/gcc-7.3.0/include    -o CMakeFiles/cmTC_8843e.dir/CheckSymbolExists.c.o   -c /home/rolandas/CountingSort/CMakeFiles/CMakeTmp/CheckSymbolExists.c
Linking C executable cmTC_8843e
/share/apps/compilers/cmake-3.10.3/bin/cmake -E cmake_link_script CMakeFiles/cmTC_8843e.dir/link.txt --verbose=1
/share/apps/compilers/gcc-7.3.0/bin/gcc -I/share/apps/compilers/gcc-7.3.0/include   -L/share/apps/compilers/gcc-7.3.0/lib64  -rdynamic CMakeFiles/cmTC_8843e.dir/CheckSymbolExists.c.o  -o cmTC_8843e 
CMakeFiles/cmTC_8843e.dir/CheckSymbolExists.c.o: In function `main':
CheckSymbolExists.c:(.text+0x16): undefined reference to `pthread_create'
collect2: error: ld returned 1 exit status
gmake[1]: *** [cmTC_8843e] Error 1
gmake[1]: Leaving directory `/home/rolandas/CountingSort/CMakeFiles/CMakeTmp'
gmake: *** [cmTC_8843e/fast] Error 2

File /home/rolandas/CountingSort/CMakeFiles/CMakeTmp/CheckSymbolExists.c:
/* */
#include <pthread.h>

int main(int argc, char** argv)
{
  (void)argv;
#ifndef pthread_create
  return ((int*)(&pthread_create))[argc];
#else
  (void)argc;
  return 0;
#endif
}

Determining if the function pthread_create exists in the pthreads failed with the following output:
Change Dir: /home/rolandas/CountingSort/CMakeFiles/CMakeTmp

Run Build Command:"/usr/bin/gmake" "cmTC_aa014/fast"
/usr/bin/gmake -f CMakeFiles/cmTC_aa014.dir/build.make CMakeFiles/cmTC_aa014.dir/build
gmake[1]: Entering directory `/home/rolandas/CountingSort/CMakeFiles/CMakeTmp'
Building C object CMakeFiles/cmTC_aa014.dir/CheckFunctionExists.c.o
/share/apps/compilers/gcc-7.3.0/bin/gcc   -I/share/apps/compilers/gcc-7.3.0/include -DCHECK_FUNCTION_EXISTS=pthread_create   -o CMakeFiles/cmTC_aa014.dir/CheckFunctionExists.c.o   -c /share/apps/compilers/cmake-3.10.3/share/cmake-3.10/Modules/CheckFunctionExists.c
Linking C executable cmTC_aa014
/share/apps/compilers/cmake-3.10.3/bin/cmake -E cmake_link_script CMakeFiles/cmTC_aa014.dir/link.txt --verbose=1
/share/apps/compilers/gcc-7.3.0/bin/gcc -I/share/apps/compilers/gcc-7.3.0/include -DCHECK_FUNCTION_EXISTS=pthread_create  -L/share/apps/compilers/gcc-7.3.0/lib64  -rdynamic CMakeFiles/cmTC_aa014.dir/CheckFunctionExists.c.o  -o cmTC_aa014 -lpthreads 
/usr/bin/ld: cannot find -lpthreads
collect2: error: ld returned 1 exit status
gmake[1]: *** [cmTC_aa014] Error 1
gmake[1]: Leaving directory `/home/rolandas/CountingSort/CMakeFiles/CMakeTmp'
gmake: *** [cmTC_aa014/fast] Error 2


Determining if the CL_VERSION_2_2 exist failed with the following output:
Change Dir: /home/rolandas/CountingSort/CMakeFiles/CMakeTmp

Run Build Command:"/usr/bin/gmake" "cmTC_84a8d/fast"
/usr/bin/gmake -f CMakeFiles/cmTC_84a8d.dir/build.make CMakeFiles/cmTC_84a8d.dir/build
gmake[1]: Entering directory `/home/rolandas/CountingSort/CMakeFiles/CMakeTmp'
Building C object CMakeFiles/cmTC_84a8d.dir/CheckSymbolExists.c.o
/share/apps/compilers/gcc-7.3.0/bin/gcc   -I/share/apps/compilers/gcc-7.3.0/include     -o CMakeFiles/cmTC_84a8d.dir/CheckSymbolExists.c.o   -c /home/rolandas/CountingSort/CMakeFiles/CMakeTmp/CheckSymbolExists.c
/home/rolandas/CountingSort/CMakeFiles/CMakeTmp/CheckSymbolExists.c:2:10: fatal error: OpenCL_INCLUDE_DIR-NOTFOUND/CL/cl.h: No such file or directory
 #include <OpenCL_INCLUDE_DIR-NOTFOUND/CL/cl.h>
          ^~~~~~~~~~~~~~~~~~~~~~~~~~~~~~~~~~~~~
compilation terminated.
gmake[1]: *** [CMakeFiles/cmTC_84a8d.dir/CheckSymbolExists.c.o] Error 1
gmake[1]: Leaving directory `/home/rolandas/CountingSort/CMakeFiles/CMakeTmp'
gmake: *** [cmTC_84a8d/fast] Error 2

File /home/rolandas/CountingSort/CMakeFiles/CMakeTmp/CheckSymbolExists.c:
/* */
#include <OpenCL_INCLUDE_DIR-NOTFOUND/CL/cl.h>

int main(int argc, char** argv)
{
  (void)argv;
#ifndef CL_VERSION_2_2
  return ((int*)(&CL_VERSION_2_2))[argc];
#else
  (void)argc;
  return 0;
#endif
}

Determining if the CL_VERSION_2_1 exist failed with the following output:
Change Dir: /home/rolandas/CountingSort/CMakeFiles/CMakeTmp

Run Build Command:"/usr/bin/gmake" "cmTC_7ea82/fast"
/usr/bin/gmake -f CMakeFiles/cmTC_7ea82.dir/build.make CMakeFiles/cmTC_7ea82.dir/build
gmake[1]: Entering directory `/home/rolandas/CountingSort/CMakeFiles/CMakeTmp'
Building C object CMakeFiles/cmTC_7ea82.dir/CheckSymbolExists.c.o
/share/apps/compilers/gcc-7.3.0/bin/gcc   -I/share/apps/compilers/gcc-7.3.0/include     -o CMakeFiles/cmTC_7ea82.dir/CheckSymbolExists.c.o   -c /home/rolandas/CountingSort/CMakeFiles/CMakeTmp/CheckSymbolExists.c
/home/rolandas/CountingSort/CMakeFiles/CMakeTmp/CheckSymbolExists.c:2:10: fatal error: OpenCL_INCLUDE_DIR-NOTFOUND/CL/cl.h: No such file or directory
 #include <OpenCL_INCLUDE_DIR-NOTFOUND/CL/cl.h>
          ^~~~~~~~~~~~~~~~~~~~~~~~~~~~~~~~~~~~~
compilation terminated.
gmake[1]: *** [CMakeFiles/cmTC_7ea82.dir/CheckSymbolExists.c.o] Error 1
gmake[1]: Leaving directory `/home/rolandas/CountingSort/CMakeFiles/CMakeTmp'
gmake: *** [cmTC_7ea82/fast] Error 2

File /home/rolandas/CountingSort/CMakeFiles/CMakeTmp/CheckSymbolExists.c:
/* */
#include <OpenCL_INCLUDE_DIR-NOTFOUND/CL/cl.h>

int main(int argc, char** argv)
{
  (void)argv;
#ifndef CL_VERSION_2_1
  return ((int*)(&CL_VERSION_2_1))[argc];
#else
  (void)argc;
  return 0;
#endif
}

Determining if the CL_VERSION_2_0 exist failed with the following output:
Change Dir: /home/rolandas/CountingSort/CMakeFiles/CMakeTmp

Run Build Command:"/usr/bin/gmake" "cmTC_06823/fast"
/usr/bin/gmake -f CMakeFiles/cmTC_06823.dir/build.make CMakeFiles/cmTC_06823.dir/build
gmake[1]: Entering directory `/home/rolandas/CountingSort/CMakeFiles/CMakeTmp'
Building C object CMakeFiles/cmTC_06823.dir/CheckSymbolExists.c.o
/share/apps/compilers/gcc-7.3.0/bin/gcc   -I/share/apps/compilers/gcc-7.3.0/include     -o CMakeFiles/cmTC_06823.dir/CheckSymbolExists.c.o   -c /home/rolandas/CountingSort/CMakeFiles/CMakeTmp/CheckSymbolExists.c
/home/rolandas/CountingSort/CMakeFiles/CMakeTmp/CheckSymbolExists.c:2:10: fatal error: OpenCL_INCLUDE_DIR-NOTFOUND/CL/cl.h: No such file or directory
 #include <OpenCL_INCLUDE_DIR-NOTFOUND/CL/cl.h>
          ^~~~~~~~~~~~~~~~~~~~~~~~~~~~~~~~~~~~~
compilation terminated.
gmake[1]: *** [CMakeFiles/cmTC_06823.dir/CheckSymbolExists.c.o] Error 1
gmake[1]: Leaving directory `/home/rolandas/CountingSort/CMakeFiles/CMakeTmp'
gmake: *** [cmTC_06823/fast] Error 2

File /home/rolandas/CountingSort/CMakeFiles/CMakeTmp/CheckSymbolExists.c:
/* */
#include <OpenCL_INCLUDE_DIR-NOTFOUND/CL/cl.h>

int main(int argc, char** argv)
{
  (void)argv;
#ifndef CL_VERSION_2_0
  return ((int*)(&CL_VERSION_2_0))[argc];
#else
  (void)argc;
  return 0;
#endif
}

Determining if the CL_VERSION_1_2 exist failed with the following output:
Change Dir: /home/rolandas/CountingSort/CMakeFiles/CMakeTmp

Run Build Command:"/usr/bin/gmake" "cmTC_4abf7/fast"
/usr/bin/gmake -f CMakeFiles/cmTC_4abf7.dir/build.make CMakeFiles/cmTC_4abf7.dir/build
gmake[1]: Entering directory `/home/rolandas/CountingSort/CMakeFiles/CMakeTmp'
Building C object CMakeFiles/cmTC_4abf7.dir/CheckSymbolExists.c.o
/share/apps/compilers/gcc-7.3.0/bin/gcc   -I/share/apps/compilers/gcc-7.3.0/include     -o CMakeFiles/cmTC_4abf7.dir/CheckSymbolExists.c.o   -c /home/rolandas/CountingSort/CMakeFiles/CMakeTmp/CheckSymbolExists.c
/home/rolandas/CountingSort/CMakeFiles/CMakeTmp/CheckSymbolExists.c:2:10: fatal error: OpenCL_INCLUDE_DIR-NOTFOUND/CL/cl.h: No such file or directory
 #include <OpenCL_INCLUDE_DIR-NOTFOUND/CL/cl.h>
          ^~~~~~~~~~~~~~~~~~~~~~~~~~~~~~~~~~~~~
compilation terminated.
gmake[1]: *** [CMakeFiles/cmTC_4abf7.dir/CheckSymbolExists.c.o] Error 1
gmake[1]: Leaving directory `/home/rolandas/CountingSort/CMakeFiles/CMakeTmp'
gmake: *** [cmTC_4abf7/fast] Error 2

File /home/rolandas/CountingSort/CMakeFiles/CMakeTmp/CheckSymbolExists.c:
/* */
#include <OpenCL_INCLUDE_DIR-NOTFOUND/CL/cl.h>

int main(int argc, char** argv)
{
  (void)argv;
#ifndef CL_VERSION_1_2
  return ((int*)(&CL_VERSION_1_2))[argc];
#else
  (void)argc;
  return 0;
#endif
}

Determining if the CL_VERSION_1_1 exist failed with the following output:
Change Dir: /home/rolandas/CountingSort/CMakeFiles/CMakeTmp

Run Build Command:"/usr/bin/gmake" "cmTC_ab335/fast"
/usr/bin/gmake -f CMakeFiles/cmTC_ab335.dir/build.make CMakeFiles/cmTC_ab335.dir/build
gmake[1]: Entering directory `/home/rolandas/CountingSort/CMakeFiles/CMakeTmp'
Building C object CMakeFiles/cmTC_ab335.dir/CheckSymbolExists.c.o
/share/apps/compilers/gcc-7.3.0/bin/gcc   -I/share/apps/compilers/gcc-7.3.0/include     -o CMakeFiles/cmTC_ab335.dir/CheckSymbolExists.c.o   -c /home/rolandas/CountingSort/CMakeFiles/CMakeTmp/CheckSymbolExists.c
/home/rolandas/CountingSort/CMakeFiles/CMakeTmp/CheckSymbolExists.c:2:10: fatal error: OpenCL_INCLUDE_DIR-NOTFOUND/CL/cl.h: No such file or directory
 #include <OpenCL_INCLUDE_DIR-NOTFOUND/CL/cl.h>
          ^~~~~~~~~~~~~~~~~~~~~~~~~~~~~~~~~~~~~
compilation terminated.
gmake[1]: *** [CMakeFiles/cmTC_ab335.dir/CheckSymbolExists.c.o] Error 1
gmake[1]: Leaving directory `/home/rolandas/CountingSort/CMakeFiles/CMakeTmp'
gmake: *** [cmTC_ab335/fast] Error 2

File /home/rolandas/CountingSort/CMakeFiles/CMakeTmp/CheckSymbolExists.c:
/* */
#include <OpenCL_INCLUDE_DIR-NOTFOUND/CL/cl.h>

int main(int argc, char** argv)
{
  (void)argv;
#ifndef CL_VERSION_1_1
  return ((int*)(&CL_VERSION_1_1))[argc];
#else
  (void)argc;
  return 0;
#endif
}

Determining if the CL_VERSION_1_0 exist failed with the following output:
Change Dir: /home/rolandas/CountingSort/CMakeFiles/CMakeTmp

Run Build Command:"/usr/bin/gmake" "cmTC_f88d1/fast"
/usr/bin/gmake -f CMakeFiles/cmTC_f88d1.dir/build.make CMakeFiles/cmTC_f88d1.dir/build
gmake[1]: Entering directory `/home/rolandas/CountingSort/CMakeFiles/CMakeTmp'
Building C object CMakeFiles/cmTC_f88d1.dir/CheckSymbolExists.c.o
/share/apps/compilers/gcc-7.3.0/bin/gcc   -I/share/apps/compilers/gcc-7.3.0/include     -o CMakeFiles/cmTC_f88d1.dir/CheckSymbolExists.c.o   -c /home/rolandas/CountingSort/CMakeFiles/CMakeTmp/CheckSymbolExists.c
/home/rolandas/CountingSort/CMakeFiles/CMakeTmp/CheckSymbolExists.c:2:10: fatal error: OpenCL_INCLUDE_DIR-NOTFOUND/CL/cl.h: No such file or directory
 #include <OpenCL_INCLUDE_DIR-NOTFOUND/CL/cl.h>
          ^~~~~~~~~~~~~~~~~~~~~~~~~~~~~~~~~~~~~
compilation terminated.
gmake[1]: *** [CMakeFiles/cmTC_f88d1.dir/CheckSymbolExists.c.o] Error 1
gmake[1]: Leaving directory `/home/rolandas/CountingSort/CMakeFiles/CMakeTmp'
gmake: *** [cmTC_f88d1/fast] Error 2

File /home/rolandas/CountingSort/CMakeFiles/CMakeTmp/CheckSymbolExists.c:
/* */
#include <OpenCL_INCLUDE_DIR-NOTFOUND/CL/cl.h>

int main(int argc, char** argv)
{
  (void)argv;
#ifndef CL_VERSION_1_0
  return ((int*)(&CL_VERSION_1_0))[argc];
#else
  (void)argc;
  return 0;
#endif
}

