Determining if the pthread_create exist failed with the following output:
Change Dir: /home/rolandas/CountingSort/src/CMakeFiles/CMakeTmp

Run Build Command:"/usr/bin/gmake" "cmTC_2eb3f/fast"
/usr/bin/gmake -f CMakeFiles/cmTC_2eb3f.dir/build.make CMakeFiles/cmTC_2eb3f.dir/build
gmake[1]: Entering directory `/home/rolandas/CountingSort/src/CMakeFiles/CMakeTmp'
Building C object CMakeFiles/cmTC_2eb3f.dir/CheckSymbolExists.c.o
/share/apps/compilers/gcc-7.3.0/bin/gcc   -I/share/apps/compilers/gcc-7.3.0/include    -o CMakeFiles/cmTC_2eb3f.dir/CheckSymbolExists.c.o   -c /home/rolandas/CountingSort/src/CMakeFiles/CMakeTmp/CheckSymbolExists.c
Linking C executable cmTC_2eb3f
/share/apps/compilers/cmake-3.10.3/bin/cmake -E cmake_link_script CMakeFiles/cmTC_2eb3f.dir/link.txt --verbose=1
/share/apps/compilers/gcc-7.3.0/bin/gcc -I/share/apps/compilers/gcc-7.3.0/include   -L/share/apps/compilers/gcc-7.3.0/lib64  -rdynamic CMakeFiles/cmTC_2eb3f.dir/CheckSymbolExists.c.o  -o cmTC_2eb3f 
CMakeFiles/cmTC_2eb3f.dir/CheckSymbolExists.c.o: In function `main':
CheckSymbolExists.c:(.text+0x16): undefined reference to `pthread_create'
collect2: error: ld returned 1 exit status
gmake[1]: *** [cmTC_2eb3f] Error 1
gmake[1]: Leaving directory `/home/rolandas/CountingSort/src/CMakeFiles/CMakeTmp'
gmake: *** [cmTC_2eb3f/fast] Error 2

File /home/rolandas/CountingSort/src/CMakeFiles/CMakeTmp/CheckSymbolExists.c:
/* */
#include <pthread.h>

int main(int argc, char** argv)
{
  (void)argv;
#ifndef pthread_create
  return ((int*)(&pthread_create))[argc];
#else
  (void)argc;
  return 0;
#endif
}

Determining if the function pthread_create exists in the pthreads failed with the following output:
Change Dir: /home/rolandas/CountingSort/src/CMakeFiles/CMakeTmp

Run Build Command:"/usr/bin/gmake" "cmTC_476bc/fast"
/usr/bin/gmake -f CMakeFiles/cmTC_476bc.dir/build.make CMakeFiles/cmTC_476bc.dir/build
gmake[1]: Entering directory `/home/rolandas/CountingSort/src/CMakeFiles/CMakeTmp'
Building C object CMakeFiles/cmTC_476bc.dir/CheckFunctionExists.c.o
/share/apps/compilers/gcc-7.3.0/bin/gcc   -I/share/apps/compilers/gcc-7.3.0/include -DCHECK_FUNCTION_EXISTS=pthread_create   -o CMakeFiles/cmTC_476bc.dir/CheckFunctionExists.c.o   -c /share/apps/compilers/cmake-3.10.3/share/cmake-3.10/Modules/CheckFunctionExists.c
Linking C executable cmTC_476bc
/share/apps/compilers/cmake-3.10.3/bin/cmake -E cmake_link_script CMakeFiles/cmTC_476bc.dir/link.txt --verbose=1
/share/apps/compilers/gcc-7.3.0/bin/gcc -I/share/apps/compilers/gcc-7.3.0/include -DCHECK_FUNCTION_EXISTS=pthread_create  -L/share/apps/compilers/gcc-7.3.0/lib64  -rdynamic CMakeFiles/cmTC_476bc.dir/CheckFunctionExists.c.o  -o cmTC_476bc -lpthreads 
/usr/bin/ld: cannot find -lpthreads
collect2: error: ld returned 1 exit status
gmake[1]: *** [cmTC_476bc] Error 1
gmake[1]: Leaving directory `/home/rolandas/CountingSort/src/CMakeFiles/CMakeTmp'
gmake: *** [cmTC_476bc/fast] Error 2


Determining if the CL_VERSION_2_2 exist failed with the following output:
Change Dir: /home/rolandas/CountingSort/src/CMakeFiles/CMakeTmp

Run Build Command:"/usr/bin/gmake" "cmTC_b3885/fast"
/usr/bin/gmake -f CMakeFiles/cmTC_b3885.dir/build.make CMakeFiles/cmTC_b3885.dir/build
gmake[1]: Entering directory `/home/rolandas/CountingSort/src/CMakeFiles/CMakeTmp'
Building C object CMakeFiles/cmTC_b3885.dir/CheckSymbolExists.c.o
/share/apps/compilers/gcc-7.3.0/bin/gcc   -I/share/apps/compilers/gcc-7.3.0/include     -o CMakeFiles/cmTC_b3885.dir/CheckSymbolExists.c.o   -c /home/rolandas/CountingSort/src/CMakeFiles/CMakeTmp/CheckSymbolExists.c
/home/rolandas/CountingSort/src/CMakeFiles/CMakeTmp/CheckSymbolExists.c:2:10: fatal error: OpenCL_INCLUDE_DIR-NOTFOUND/CL/cl.h: No such file or directory
 #include <OpenCL_INCLUDE_DIR-NOTFOUND/CL/cl.h>
          ^~~~~~~~~~~~~~~~~~~~~~~~~~~~~~~~~~~~~
compilation terminated.
gmake[1]: *** [CMakeFiles/cmTC_b3885.dir/CheckSymbolExists.c.o] Error 1
gmake[1]: Leaving directory `/home/rolandas/CountingSort/src/CMakeFiles/CMakeTmp'
gmake: *** [cmTC_b3885/fast] Error 2

File /home/rolandas/CountingSort/src/CMakeFiles/CMakeTmp/CheckSymbolExists.c:
/* */
#include <OpenCL_INCLUDE_DIR-NOTFOUND/CL/cl.h>

int main(int argc, char** argv)
{
  (void)argv;
#ifndef CL_VERSION_2_2
  return ((int*)(&CL_VERSION_2_2))[argc];
#else
  (void)argc;
  return 0;
#endif
}

Determining if the CL_VERSION_2_1 exist failed with the following output:
Change Dir: /home/rolandas/CountingSort/src/CMakeFiles/CMakeTmp

Run Build Command:"/usr/bin/gmake" "cmTC_4b6fe/fast"
/usr/bin/gmake -f CMakeFiles/cmTC_4b6fe.dir/build.make CMakeFiles/cmTC_4b6fe.dir/build
gmake[1]: Entering directory `/home/rolandas/CountingSort/src/CMakeFiles/CMakeTmp'
Building C object CMakeFiles/cmTC_4b6fe.dir/CheckSymbolExists.c.o
/share/apps/compilers/gcc-7.3.0/bin/gcc   -I/share/apps/compilers/gcc-7.3.0/include     -o CMakeFiles/cmTC_4b6fe.dir/CheckSymbolExists.c.o   -c /home/rolandas/CountingSort/src/CMakeFiles/CMakeTmp/CheckSymbolExists.c
/home/rolandas/CountingSort/src/CMakeFiles/CMakeTmp/CheckSymbolExists.c:2:10: fatal error: OpenCL_INCLUDE_DIR-NOTFOUND/CL/cl.h: No such file or directory
 #include <OpenCL_INCLUDE_DIR-NOTFOUND/CL/cl.h>
          ^~~~~~~~~~~~~~~~~~~~~~~~~~~~~~~~~~~~~
compilation terminated.
gmake[1]: *** [CMakeFiles/cmTC_4b6fe.dir/CheckSymbolExists.c.o] Error 1
gmake[1]: Leaving directory `/home/rolandas/CountingSort/src/CMakeFiles/CMakeTmp'
gmake: *** [cmTC_4b6fe/fast] Error 2

File /home/rolandas/CountingSort/src/CMakeFiles/CMakeTmp/CheckSymbolExists.c:
/* */
#include <OpenCL_INCLUDE_DIR-NOTFOUND/CL/cl.h>

int main(int argc, char** argv)
{
  (void)argv;
#ifndef CL_VERSION_2_1
  return ((int*)(&CL_VERSION_2_1))[argc];
#else
  (void)argc;
  return 0;
#endif
}

Determining if the CL_VERSION_2_0 exist failed with the following output:
Change Dir: /home/rolandas/CountingSort/src/CMakeFiles/CMakeTmp

Run Build Command:"/usr/bin/gmake" "cmTC_1283b/fast"
/usr/bin/gmake -f CMakeFiles/cmTC_1283b.dir/build.make CMakeFiles/cmTC_1283b.dir/build
gmake[1]: Entering directory `/home/rolandas/CountingSort/src/CMakeFiles/CMakeTmp'
Building C object CMakeFiles/cmTC_1283b.dir/CheckSymbolExists.c.o
/share/apps/compilers/gcc-7.3.0/bin/gcc   -I/share/apps/compilers/gcc-7.3.0/include     -o CMakeFiles/cmTC_1283b.dir/CheckSymbolExists.c.o   -c /home/rolandas/CountingSort/src/CMakeFiles/CMakeTmp/CheckSymbolExists.c
/home/rolandas/CountingSort/src/CMakeFiles/CMakeTmp/CheckSymbolExists.c:2:10: fatal error: OpenCL_INCLUDE_DIR-NOTFOUND/CL/cl.h: No such file or directory
 #include <OpenCL_INCLUDE_DIR-NOTFOUND/CL/cl.h>
          ^~~~~~~~~~~~~~~~~~~~~~~~~~~~~~~~~~~~~
compilation terminated.
gmake[1]: *** [CMakeFiles/cmTC_1283b.dir/CheckSymbolExists.c.o] Error 1
gmake[1]: Leaving directory `/home/rolandas/CountingSort/src/CMakeFiles/CMakeTmp'
gmake: *** [cmTC_1283b/fast] Error 2

File /home/rolandas/CountingSort/src/CMakeFiles/CMakeTmp/CheckSymbolExists.c:
/* */
#include <OpenCL_INCLUDE_DIR-NOTFOUND/CL/cl.h>

int main(int argc, char** argv)
{
  (void)argv;
#ifndef CL_VERSION_2_0
  return ((int*)(&CL_VERSION_2_0))[argc];
#else
  (void)argc;
  return 0;
#endif
}

Determining if the CL_VERSION_1_2 exist failed with the following output:
Change Dir: /home/rolandas/CountingSort/src/CMakeFiles/CMakeTmp

Run Build Command:"/usr/bin/gmake" "cmTC_36dd4/fast"
/usr/bin/gmake -f CMakeFiles/cmTC_36dd4.dir/build.make CMakeFiles/cmTC_36dd4.dir/build
gmake[1]: Entering directory `/home/rolandas/CountingSort/src/CMakeFiles/CMakeTmp'
Building C object CMakeFiles/cmTC_36dd4.dir/CheckSymbolExists.c.o
/share/apps/compilers/gcc-7.3.0/bin/gcc   -I/share/apps/compilers/gcc-7.3.0/include     -o CMakeFiles/cmTC_36dd4.dir/CheckSymbolExists.c.o   -c /home/rolandas/CountingSort/src/CMakeFiles/CMakeTmp/CheckSymbolExists.c
/home/rolandas/CountingSort/src/CMakeFiles/CMakeTmp/CheckSymbolExists.c:2:10: fatal error: OpenCL_INCLUDE_DIR-NOTFOUND/CL/cl.h: No such file or directory
 #include <OpenCL_INCLUDE_DIR-NOTFOUND/CL/cl.h>
          ^~~~~~~~~~~~~~~~~~~~~~~~~~~~~~~~~~~~~
compilation terminated.
gmake[1]: *** [CMakeFiles/cmTC_36dd4.dir/CheckSymbolExists.c.o] Error 1
gmake[1]: Leaving directory `/home/rolandas/CountingSort/src/CMakeFiles/CMakeTmp'
gmake: *** [cmTC_36dd4/fast] Error 2

File /home/rolandas/CountingSort/src/CMakeFiles/CMakeTmp/CheckSymbolExists.c:
/* */
#include <OpenCL_INCLUDE_DIR-NOTFOUND/CL/cl.h>

int main(int argc, char** argv)
{
  (void)argv;
#ifndef CL_VERSION_1_2
  return ((int*)(&CL_VERSION_1_2))[argc];
#else
  (void)argc;
  return 0;
#endif
}

Determining if the CL_VERSION_1_1 exist failed with the following output:
Change Dir: /home/rolandas/CountingSort/src/CMakeFiles/CMakeTmp

Run Build Command:"/usr/bin/gmake" "cmTC_7f2da/fast"
/usr/bin/gmake -f CMakeFiles/cmTC_7f2da.dir/build.make CMakeFiles/cmTC_7f2da.dir/build
gmake[1]: Entering directory `/home/rolandas/CountingSort/src/CMakeFiles/CMakeTmp'
Building C object CMakeFiles/cmTC_7f2da.dir/CheckSymbolExists.c.o
/share/apps/compilers/gcc-7.3.0/bin/gcc   -I/share/apps/compilers/gcc-7.3.0/include     -o CMakeFiles/cmTC_7f2da.dir/CheckSymbolExists.c.o   -c /home/rolandas/CountingSort/src/CMakeFiles/CMakeTmp/CheckSymbolExists.c
/home/rolandas/CountingSort/src/CMakeFiles/CMakeTmp/CheckSymbolExists.c:2:10: fatal error: OpenCL_INCLUDE_DIR-NOTFOUND/CL/cl.h: No such file or directory
 #include <OpenCL_INCLUDE_DIR-NOTFOUND/CL/cl.h>
          ^~~~~~~~~~~~~~~~~~~~~~~~~~~~~~~~~~~~~
compilation terminated.
gmake[1]: *** [CMakeFiles/cmTC_7f2da.dir/CheckSymbolExists.c.o] Error 1
gmake[1]: Leaving directory `/home/rolandas/CountingSort/src/CMakeFiles/CMakeTmp'
gmake: *** [cmTC_7f2da/fast] Error 2

File /home/rolandas/CountingSort/src/CMakeFiles/CMakeTmp/CheckSymbolExists.c:
/* */
#include <OpenCL_INCLUDE_DIR-NOTFOUND/CL/cl.h>

int main(int argc, char** argv)
{
  (void)argv;
#ifndef CL_VERSION_1_1
  return ((int*)(&CL_VERSION_1_1))[argc];
#else
  (void)argc;
  return 0;
#endif
}

Determining if the CL_VERSION_1_0 exist failed with the following output:
Change Dir: /home/rolandas/CountingSort/src/CMakeFiles/CMakeTmp

Run Build Command:"/usr/bin/gmake" "cmTC_7091a/fast"
/usr/bin/gmake -f CMakeFiles/cmTC_7091a.dir/build.make CMakeFiles/cmTC_7091a.dir/build
gmake[1]: Entering directory `/home/rolandas/CountingSort/src/CMakeFiles/CMakeTmp'
Building C object CMakeFiles/cmTC_7091a.dir/CheckSymbolExists.c.o
/share/apps/compilers/gcc-7.3.0/bin/gcc   -I/share/apps/compilers/gcc-7.3.0/include     -o CMakeFiles/cmTC_7091a.dir/CheckSymbolExists.c.o   -c /home/rolandas/CountingSort/src/CMakeFiles/CMakeTmp/CheckSymbolExists.c
/home/rolandas/CountingSort/src/CMakeFiles/CMakeTmp/CheckSymbolExists.c:2:10: fatal error: OpenCL_INCLUDE_DIR-NOTFOUND/CL/cl.h: No such file or directory
 #include <OpenCL_INCLUDE_DIR-NOTFOUND/CL/cl.h>
          ^~~~~~~~~~~~~~~~~~~~~~~~~~~~~~~~~~~~~
compilation terminated.
gmake[1]: *** [CMakeFiles/cmTC_7091a.dir/CheckSymbolExists.c.o] Error 1
gmake[1]: Leaving directory `/home/rolandas/CountingSort/src/CMakeFiles/CMakeTmp'
gmake: *** [cmTC_7091a/fast] Error 2

File /home/rolandas/CountingSort/src/CMakeFiles/CMakeTmp/CheckSymbolExists.c:
/* */
#include <OpenCL_INCLUDE_DIR-NOTFOUND/CL/cl.h>

int main(int argc, char** argv)
{
  (void)argv;
#ifndef CL_VERSION_1_0
  return ((int*)(&CL_VERSION_1_0))[argc];
#else
  (void)argc;
  return 0;
#endif
}

